[  3] Utilization = 1.00 | pJ/Compute =   29.878 | L4[WIO] C4 - L3[] M2 M16Y C16X - L2[W] M4 S3 R3 - L1[W] Q80 P60 - L0[O] Q1 
[  6] Utilization = 1.00 | pJ/Compute =   29.878 | L4[WIO] Q1 - L3[] M4 M16Y C16X - L2[W] M2 C4 S3 R3 - L1[W] Q80 P60 - L0[O] Q1 
[  1] Utilization = 1.00 | pJ/Compute =   29.878 | L4[WIO] C2 - L3[] M2 M16Y C16X - L2[W] M4 C2 S3 R3 - L1[W] Q80 P60 - L0[O] Q1 
[  2] Utilization = 1.00 | pJ/Compute =   29.878 | L4[WIO] C2 - L3[] M2 C2 M16Y C16X - L2[W] M4 S3 R3 - L1[W] Q80 P60 - L0[O] Q1 
[  7] Utilization = 1.00 | pJ/Compute =   30.539 | L4[WIO] M4 Q5 P5 C2 - L3[] M2 M16Y C16X - L2[W] C2 S3 R3 Q4 P6 - L1[W] P2 Q4 - L0[O] Q1 
[  7] Utilization = 1.00 | pJ/Compute =   24.367 | L4[WIO] M4 Q5 P5 C2 - L3[I] M2 M16Y C16X - L2[W] C2 S3 R3 Q4 P6 - L1[W] P2 Q4 - L0[O] Q1 
[  7] Utilization = 0.97 | pJ/Compute =   17.318 | L4[WIO] M4 Q5 P5 C2 - L3[O] M2 M16Y C16X - L2[W] C2 S3 R3 Q4 P6 - L1[W] P2 Q4 - L0[O] Q1 
[  5] Utilization = 1.00 | pJ/Compute =   29.909 | L4[WIO] P2 C4 M2 - L3[] M4 Q2 P2 M16Y C16X - L2[W] S3 R3 Q10 P5 - L1[W] P3 Q4 - L0[O] Q1 
[  5] Utilization = 1.00 | pJ/Compute =   23.207 | L4[WIO] P2 C4 M2 - L3[I] M4 Q2 P2 M16Y C16X - L2[W] S3 R3 Q10 P5 - L1[W] P3 Q4 - L0[O] Q1 
[  0] Utilization = 1.00 | pJ/Compute =   29.963 | L4[WIO] P2 M2 - L3[] C2 Q2 M4 P2 M16Y C16X - L2[W] C2 S3 R3 Q10 P5 - L1[W] P3 Q4 - L0[O] Q1 
[  0] Utilization = 1.00 | pJ/Compute =   29.933 | L4[WIO] P2 M2 - L3[W] C2 Q2 M4 P2 M16Y C16X - L2[W] C2 S3 R3 Q10 P5 - L1[W] P3 Q4 - L0[O] Q1 
[  4] Utilization = 1.00 | pJ/Compute =   29.963 | L4[WIO] P2 M2 C2 - L3[] C2 Q2 M4 P2 M16Y C16X - L2[W] S3 R3 Q10 P5 - L1[W] P3 Q4 - L0[O] Q1 
[  4] Utilization = 1.00 | pJ/Compute =   29.933 | L4[WIO] P2 M2 C2 - L3[W] C2 Q2 M4 P2 M16Y C16X - L2[W] S3 R3 Q10 P5 - L1[W] P3 Q4 - L0[O] Q1 
[  2] Utilization = 1.00 | pJ/Compute =   23.865 | L4[WIO] Q5 P5 M4 - L3[I] M2 M16Y C16X - L2[W] C4 S3 R3 Q4 P6 - L1[W] Q4 P2 - L0[O] Q1 
[  2] Utilization = 0.97 | pJ/Compute =   17.318 | L4[WIO] Q5 P5 M4 - L3[O] M2 M16Y C16X - L2[W] C4 S3 R3 Q4 P6 - L1[W] Q4 P2 - L0[O] Q1 
[  2] Utilization = 0.95 | pJ/Compute =   16.778 | L4[WIO] M4 P5 Q5 - L3[WO] M2 M16Y C16X - L2[W] C4 S3 R3 Q4 P6 - L1[W] P2 Q4 - L0[O] Q1 
[  4] Utilization = 1.00 | pJ/Compute =   29.919 | L4[WIO] M2 C2 P2 - L3[W] M4 Q2 P2 C2 M16Y C16X - L2[W] S3 R3 Q10 P5 - L1[W] P3 Q4 - L0[O] Q1 
[  0] Utilization = 1.00 | pJ/Compute =   29.903 | L4[WIO] M2 P2 - L3[W] M4 Q2 C2 P2 M16Y C16X - L2[W] C2 S3 R3 Q10 P5 - L1[W] Q4 P3 - L0[O] Q1 
[  4] Utilization = 1.00 | pJ/Compute =   29.903 | L4[WIO] C2 M2 P2 - L3[W] M4 Q2 C2 P2 M16Y C16X - L2[W] S3 R3 Q10 P5 - L1[W] Q4 P3 - L0[O] Q1 
[  5] Utilization = 0.97 | pJ/Compute =   17.318 | L4[WIO] M4 Q5 P5 - L3[O] M2 C4 M16Y C16X - L2[W] S3 R3 Q4 P6 - L1[W] Q4 P2 - L0[O] Q1 
[  5] Utilization = 0.95 | pJ/Compute =   16.778 | L4[WIO] M4 Q5 P5 - L3[WO] M2 C4 M16Y C16X - L2[W] S3 R3 Q4 P6 - L1[W] Q4 P2 - L0[O] Q1 
[  1] Utilization = 1.00 | pJ/Compute =   23.357 | L4[WIO] M2 Q2 C4 - L3[I] P4 Q4 M16Y C16X - L2[W] M4 S3 R3 Q10 P5 - L1[W] P3 - L0[O] Q1 
[  1] Utilization = 1.00 | pJ/Compute =   23.323 | L4[WIO] C4 M2 Q2 - L3[I] Q4 P4 M16Y C16X - L2[W] M4 S3 R3 Q10 P5 - L1[W] P3 - L0[O] Q1 
[  0] Utilization = 1.00 | pJ/Compute =   29.894 | L4[WIO] M2 P2 - L3[W] C2 M4 P2 Q2 M16Y C16X - L2[W] C2 S3 R3 Q10 P5 - L1[W] P3 Q4 - L0[O] Q1 
[  1] Utilization = 1.00 | pJ/Compute =   23.219 | L4[WIO] Q2 C4 M2 - L3[I] P4 Q4 M16Y C16X - L2[W] M4 S3 R3 Q10 P5 - L1[W] P3 - L0[O] Q1 
[  6] Utilization = 1.00 | pJ/Compute =   24.385 | L4[WIO] P3 M8 Q2 - L3[I] C2 Q10 P2 M16Y C16X - L2[W] C2 S3 R3 Q2 P10 - L1[W] Q2 - L0[O] Q1 
[  6] Utilization = 0.97 | pJ/Compute =   16.856 | L4[WIO] P3 M8 Q2 - L3[O] C2 Q10 P2 M16Y C16X - L2[W] C2 S3 R3 Q2 P10 - L1[W] Q2 - L0[O] Q1 
[  6] Utilization = 0.97 | pJ/Compute =   16.774 | L4[WIO] M8 P3 Q2 - L3[WO] P2 C2 Q10 M16Y C16X - L2[W] C2 S3 R3 Q2 P10 - L1[W] Q2 - L0[O] Q1 
[  3] Utilization = 1.00 | pJ/Compute =   23.927 | L4[WIO] P20 C2 - L3[I] P3 Q5 M16Y C16X - L2[W] M8 C2 S3 R3 - L1[W] Q16 - L0[O] Q1 
[  3] Utilization = 0.97 | pJ/Compute =   17.330 | L4[WIO] P20 C2 - L3[O] P3 Q5 M16Y C16X - L2[W] M8 C2 S3 R3 - L1[W] Q16 - L0[O] Q1 
[  6] Utilization = 0.97 | pJ/Compute =   16.749 | L4[WIO] M8 Q2 P3 - L3[WO] C2 P2 Q10 M16Y C16X - L2[W] C2 S3 R3 Q2 P10 - L1[W] Q2 - L0[O] Q1 
[  1] Utilization = 0.90 | pJ/Compute =   18.449 | L4[WIO] C4 Q2 P3 M4 - L3[O] P2 M2 Q10 M16Y C16X - L2[W] S3 R3 Q2 P10 - L1[W] Q2 - L0[O] Q1 
[  1] Utilization = 0.97 | pJ/Compute =   16.856 | L4[WIO] M4 P3 Q2 C4 - L3[O] M2 P2 Q10 M16Y C16X - L2[W] S3 R3 Q2 P10 - L1[W] Q2 - L0[O] Q1 
[  3] Utilization = 0.97 | pJ/Compute =   16.714 | L4[WIO] P3 M4 C2 - L3[O] M2 P2 M16Y C16X - L2[W] C2 S3 R3 Q5 P5 - L1[W] P2 Q16 - L0[O] Q1 
[  5] Utilization = 0.97 | pJ/Compute =   16.714 | L4[WIO] P3 M4 C4 - L3[O] M2 P2 M16Y C16X - L2[W] S3 R3 Q5 P5 - L1[W] P2 Q16 - L0[O] Q1 
[  7] Utilization = 0.97 | pJ/Compute =   16.856 | L4[WIO] P3 M8 Q2 - L3[O] C4 Q10 P2 M16Y C16X - L2[W] S3 R3 Q2 P10 - L1[W] Q2 - L0[O] Q1 
[  7] Utilization = 0.97 | pJ/Compute =   16.774 | L4[WIO] M8 P3 Q2 - L3[WO] P2 C4 Q10 M16Y C16X - L2[W] S3 R3 Q2 P10 - L1[W] Q2 - L0[O] Q1 
[  7] Utilization = 0.97 | pJ/Compute =   16.749 | L4[WIO] M8 Q2 P3 - L3[WO] C4 P2 Q10 M16Y C16X - L2[W] S3 R3 Q2 P10 - L1[W] Q2 - L0[O] Q1 
[  4] Utilization = 1.00 | pJ/Compute =   24.290 | L4[WIO] M4 Q5 P5 - L3[I] M2 C2 M16Y C16X - L2[W] C2 S3 R3 Q4 P6 - L1[W] Q4 P2 - L0[O] Q1 
[  4] Utilization = 0.97 | pJ/Compute =   17.318 | L4[WIO] M4 Q5 P5 - L3[O] M2 C2 M16Y C16X - L2[W] C2 S3 R3 Q4 P6 - L1[W] Q4 P2 - L0[O] Q1 
[  4] Utilization = 0.95 | pJ/Compute =   16.778 | L4[WIO] M4 Q5 P5 - L3[WO] M2 C2 M16Y C16X - L2[W] C2 S3 R3 Q4 P6 - L1[W] Q4 P2 - L0[O] Q1 
[  6] Utilization = 0.97 | pJ/Compute =   16.759 | L4[WIO] Q4 M4 - L3[O] C2 Q10 M16Y C16X - L2[W] C2 M2 S3 R3 P15 - L1[W] Q2 P4 - L0[O] Q1 
[  2] Utilization = 0.97 | pJ/Compute =   16.667 | L4[WIO] M2 P5 - L3[O] P4 M16Y C16X - L2[W] M4 C4 S3 R3 Q4 - L1[W] Q20 P3 - L0[O] Q1 
[  0] Utilization = 1.00 | pJ/Compute =   26.460 | L4[WIO] P3 Q2 C2 M4 - L3[I] M2 Q10 P2 C2 M16Y C16X - L2[W] S3 R3 Q2 P10 - L1[W] Q2 - L0[O] Q1 
[  0] Utilization = 0.95 | pJ/Compute =   20.410 | L4[WIO] P3 Q2 C2 M4 - L3[O] M2 Q10 P2 C2 M16Y C16X - L2[W] S3 R3 Q2 P10 - L1[W] Q2 - L0[O] Q1 
[  7] Utilization = 0.97 | pJ/Compute =   16.759 | L4[WIO] Q4 M4 - L3[O] C4 Q10 M16Y C16X - L2[W] M2 S3 R3 P15 - L1[W] Q2 P4 - L0[O] Q1 
[  0] Utilization = 0.97 | pJ/Compute =   19.933 | L4[WIO] P3 Q2 M4 C2 - L3[O] P2 C2 Q10 M2 M16Y C16X - L2[W] S3 R3 Q2 P10 - L1[W] Q2 - L0[O] Q1 
[  0] Utilization = 0.95 | pJ/Compute =   17.333 | L4[WIO] C2 P3 M4 Q2 - L3[O] C2 M2 P2 Q10 M16Y C16X - L2[W] S3 R3 Q2 P10 - L1[W] Q2 - L0[O] Q1 
[  1] Utilization = 0.97 | pJ/Compute =   16.795 | L4[WIO] M4 P3 - L3[O] P2 M2 C4 M16Y C16X - L2[W] S3 R3 Q5 P5 - L1[W] P2 Q16 - L0[O] Q1 
[  1] Utilization = 0.97 | pJ/Compute =   16.714 | L4[WIO] P3 M4 - L3[O] C4 M2 P2 M16Y C16X - L2[W] S3 R3 Q5 P5 - L1[W] P2 Q16 - L0[O] Q1 
[  4] Utilization = 0.97 | pJ/Compute =   16.721 | L4[WIO] M8 P3 Q2 - L3[O] Q10 P2 M16Y C16X - L2[W] C4 S3 R3 Q2 P10 - L1[W] Q2 - L0[O] Q1 
[  0] Utilization = 0.94 | pJ/Compute =   17.252 | L4[WIO] C2 M4 Q2 P3 - L3[WO] M2 P2 C2 Q10 M16Y C16X - L2[W] S3 R3 Q2 P10 - L1[W] Q2 - L0[O] Q1 
[  4] Utilization = 0.97 | pJ/Compute =   16.678 | L4[WIO] M4 Q4 - L3[O] Q10 M16Y C16X - L2[W] M2 C4 S3 R3 P15 - L1[W] P4 Q2 - L0[O] Q1 
[  0] Utilization = 0.97 | pJ/Compute =   17.330 | L4[WIO] P20 - L3[O] C2 P3 Q5 M16Y C16X - L2[W] M8 C2 S3 R3 - L1[W] Q16 - L0[O] Q1 
[  0] Utilization = 0.97 | pJ/Compute =   16.714 | L4[WIO] M4 P3 - L3[O] M2 C2 P2 M16Y C16X - L2[W] C2 S3 R3 Q5 P5 - L1[W] P2 Q16 - L0[O] Q1 
[  6] Utilization = 0.97 | pJ/Compute =   16.683 | L4[WIO] M2 Q10 - L3[O] P5 M16Y C16X - L2[W] C4 M4 S3 R3 P6 - L1[W] Q8 P2 - L0[O] Q1 
[  4] Utilization = 0.97 | pJ/Compute =   16.673 | L4[WIO] M8 P6 Q5 - L3[O] Q1 M16Y C16X - L2[W] C4 S3 R3 Q4 P5 - L1[W] P2 Q4 - L0[O] Q1 
[  5] Utilization = 0.97 | pJ/Compute =   16.700 | L4[WIO] Q2 M8 C2 - L3[O] Q5 P3 M16Y C16X - L2[W] C2 S3 R3 Q4 P20 - L1[W] Q2 - L0[O] Q1 
[  3] Utilization = 0.97 | pJ/Compute =   16.700 | L4[WIO] Q2 M8 - L3[O] C4 Q5 P3 M16Y C16X - L2[W] S3 R3 Q4 P20 - L1[W] Q2 - L0[O] Q1 
[  7] Utilization = 0.97 | pJ/Compute =   16.700 | L4[WIO] M8 Q2 C4 - L3[O] Q5 P3 M16Y C16X - L2[W] S3 R3 Q4 P20 - L1[W] Q2 - L0[O] Q1 
[  0] Utilization = 0.97 | pJ/Compute =   16.683 | L4[WIO] M4 Q5 - L3[O] P10 M16Y C16X - L2[W] M2 C4 S3 R3 Q8 - L1[W] P6 Q2 - L0[O] Q1 
[  6] Utilization = 0.97 | pJ/Compute =   16.662 | L4[WIO] M2 P5 Q2 - L3[O] Q1 M16Y C16X - L2[W] C4 M4 S3 R3 Q10 P12 - L1[W] Q4 - L0[O] Q1 
[  0] Utilization = 0.97 | pJ/Compute =   16.673 | L4[WIO] M8 Q2 - L3[O] Q5 P3 M16Y C16X - L2[W] C4 S3 R3 Q4 P20 - L1[W] Q2 - L0[O] Q1 
[  0] Utilization = 0.97 | pJ/Compute =   16.667 | L4[WIO] M8 Q4 P5 - L3[O] Q1 M16Y C16X - L2[W] C4 S3 R3 Q20 - L1[W] P12 - L0[O] Q1 
[  4] Utilization = 0.97 | pJ/Compute =   16.659 | L4[WIO] M8 Q2 - L3[O] Q2 M16Y C16X - L2[W] C4 S3 R3 P2 - L1[W] Q20 P30 - L0[O] Q1 
[  7] Utilization = 0.97 | pJ/Compute =   16.686 | L4[WIO] Q2 M8 - L3[O] C4 Q2 M16Y C16X - L2[W] S3 R3 P2 - L1[W] P30 Q20 - L0[O] Q1 
[  0] Utilization = 0.97 | pJ/Compute =   16.665 | L4[WIO] M8 Q4 - L3[O] P4 M16Y C16X - L2[W] C4 S3 R3 Q20 P15 - L1[W] Q1 - L0[O] Q1 
[  5] Utilization = 1.00 | pJ/Compute =   11.650 | L4[WIO] M4 Q16 C2 P30 - L3[I] P2 Q5 M16Y C16X - L2[W] C2 M2 S3 R3 - L1[W] Q1 - L0[O] Q1 
[  5] Utilization = 1.00 | pJ/Compute =   10.302 | L4[WIO] C2 M4 Q16 P30 - L3[I] P2 Q5 M16Y C16X - L2[W] M2 C2 S3 R3 - L1[W] Q1 - L0[O] Q1 
[  7] Utilization = 1.00 | pJ/Compute =   12.336 | L4[WIO] C4 P30 M4 Q16 - L3[I] Q5 P2 M16Y C16X - L2[W] M2 S3 R3 - L1[W] Q1 - L0[O] Q1 
[  7] Utilization = 1.00 | pJ/Compute =   11.650 | L4[WIO] Q16 M4 C4 P30 - L3[I] P2 Q5 M16Y C16X - L2[W] M2 S3 R3 - L1[W] Q1 - L0[O] Q1 
[  7] Utilization = 1.00 | pJ/Compute =   11.553 | L4[WIO] C4 M4 P30 Q16 - L3[I] Q5 P2 M16Y C16X - L2[W] M2 S3 R3 - L1[W] Q1 - L0[O] Q1 
[  7] Utilization = 1.00 | pJ/Compute =   11.245 | L4[WIO] M4 C4 Q16 P30 - L3[I] Q5 P2 M16Y C16X - L2[W] M2 S3 R3 - L1[W] Q1 - L0[O] Q1 
[  0] Utilization = 0.97 | pJ/Compute =   16.662 | L4[WIO] M8 P10 - L3[O] Q1 M16Y C16X - L2[W] C4 S3 R3 Q10 - L1[W] P6 Q8 - L0[O] Q1 
[  3] Utilization = 1.00 | pJ/Compute =   13.670 | L4[WIO] P12 M4 Q10 C2 - L3[I] M2 Q8 P5 M16Y C16X - L2[W] C2 S3 R3 - L1[W] Q1 - L0[O] Q1 
[  3] Utilization = 1.00 | pJ/Compute =   13.001 | L4[WIO] P12 C2 Q10 M4 - L3[I] M2 Q8 P5 M16Y C16X - L2[W] C2 S3 R3 - L1[W] Q1 - L0[O] Q1 
[  0] Utilization = 1.00 | pJ/Compute =   12.336 | L4[WIO] P30 M4 Q16 - L3[I] P2 Q5 M16Y C16X - L2[W] C4 M2 S3 R3 - L1[W] Q1 - L0[O] Q1 
[  0] Utilization = 0.92 | pJ/Compute =   11.262 | L4[WIO] P30 M4 Q16 - L3[IO] P2 Q5 M16Y C16X - L2[W] C4 M2 S3 R3 - L1[W] Q1 - L0[O] Q1 
[  0] Utilization = 1.00 | pJ/Compute =   10.138 | L4[WIO] M4 P30 Q16 - L3[I] P2 Q5 M16Y C16X - L2[W] M2 C4 S3 R3 - L1[W] Q1 - L0[O] Q1 
[  0] Utilization = 1.00 | pJ/Compute =    9.831 | L4[WIO] M4 Q16 P30 - L3[I] Q5 P2 M16Y C16X - L2[W] M2 C4 S3 R3 - L1[W] Q1 - L0[O] Q1 
[  4] Utilization = 1.00 | pJ/Compute =   14.613 | L4[WIO] M4 P12 Q10 C2 - L3[I] M2 C2 P5 Q8 M16Y C16X - L2[W] S3 R3 - L1[W] Q1 - L0[O] Q1 
[  4] Utilization = 1.00 | pJ/Compute =   14.379 | L4[WIO] M4 C2 Q10 P12 - L3[I] C2 M2 Q8 P5 M16Y C16X - L2[W] S3 R3 - L1[W] Q1 - L0[O] Q1 
[  1] Utilization = 1.00 | pJ/Compute =   14.379 | L4[WIO] Q10 M4 P12 - L3[I] C4 M2 Q8 P5 M16Y C16X - L2[W] S3 R3 - L1[W] Q1 - L0[O] Q1 
[  1] Utilization = 1.00 | pJ/Compute =   13.944 | L4[WIO] P12 Q10 M4 - L3[I] M2 C4 Q8 P5 M16Y C16X - L2[W] S3 R3 - L1[W] Q1 - L0[O] Q1 
[  2] STATEMENT: 3000 suboptimal mappings found since the last upgrade, terminating search.
[  5] STATEMENT: 3000 suboptimal mappings found since the last upgrade, terminating search.
[  7] STATEMENT: 3000 suboptimal mappings found since the last upgrade, terminating search.
[  6] STATEMENT: 3000 suboptimal mappings found since the last upgrade, terminating search.
[  3] STATEMENT: 3000 suboptimal mappings found since the last upgrade, terminating search.
[  1] STATEMENT: 3000 suboptimal mappings found since the last upgrade, terminating search.
[  4] STATEMENT: 3000 suboptimal mappings found since the last upgrade, terminating search.
[  0] STATEMENT: 3000 suboptimal mappings found since the last upgrade, terminating search.
