[  0] Utilization = 1.00 | pJ/Compute =   25.110 | L4[WIO] C8 M4 Q4 - L3[I] M2 Q5 M16Y C16X - L2[W] M2 C2 Q4 P2 - L1[W] P30 - L0[O] Q1 
[  3] Utilization = 1.00 | pJ/Compute =   26.575 | L4[WIO] Q4 C16 - L3[I] Q10 P3 M16 M16Y C16X - L2[W] P20 - L1[W] Q2 - L0[O] Q1 
[  3] Utilization = 1.00 | pJ/Compute =   23.381 | L4[WIO] Q4 C16 - L3[I] M16 P3 Q10 M16Y C16X - L2[W] P20 - L1[W] Q2 - L0[O] Q1 
[  1] Utilization = 1.00 | pJ/Compute =   27.745 | L4[WIO] P5 M4 Q5 - L3[I] C2 P4 M2 M16Y C16X - L2[W] C8 M2 Q4 P3 - L1[W] Q4 - L0[O] Q1 
[  4] Utilization = 1.00 | pJ/Compute =   27.745 | L4[WIO] P5 M4 Q5 - L3[I] C4 P4 M2 M16Y C16X - L2[W] C4 M2 Q4 P3 - L1[W] Q4 - L0[O] Q1 
[  0] Utilization = 1.00 | pJ/Compute =   23.822 | L4[WIO] C8 Q4 M4 - L3[I] Q5 M2 M16Y C16X - L2[W] M2 C2 Q4 P2 - L1[W] P30 - L0[O] Q1 
[  6] Utilization = 1.00 | pJ/Compute =   27.745 | L4[WIO] P5 M4 Q5 - L3[I] C8 P4 M2 M16Y C16X - L2[W] C2 M2 Q4 P3 - L1[W] Q4 - L0[O] Q1 
[  7] Utilization = 1.00 | pJ/Compute =   27.745 | L4[WIO] M4 Q5 P5 - L3[I] P4 M2 C16 M16Y C16X - L2[W] M2 Q4 P3 - L1[W] Q4 - L0[O] Q1 
[  5] Utilization = 1.00 | pJ/Compute =   25.211 | L4[WIO] Q2 C8 P3 - L3[I] Q10 C2 M2 P10 M16Y C16X - L2[W] M8 Q2 - L1[W] Q2 P2 - L0[O] Q1 
[  2] Utilization = 1.00 | pJ/Compute =   25.211 | L4[WIO] Q2 C4 P3 - L3[I] Q10 C4 M2 P10 M16Y C16X - L2[W] M8 Q2 - L1[W] Q2 P2 - L0[O] Q1 
[  1] Utilization = 1.00 | pJ/Compute =   26.024 | L4[WIO] P5 Q5 M4 - L3[I] P4 M2 C2 M16Y C16X - L2[W] C8 M2 Q4 P3 - L1[W] Q4 - L0[O] Q1 
[  4] Utilization = 1.00 | pJ/Compute =   26.024 | L4[WIO] P5 Q5 M4 - L3[I] P4 M2 C4 M16Y C16X - L2[W] C4 M2 Q4 P3 - L1[W] Q4 - L0[O] Q1 
[  6] Utilization = 1.00 | pJ/Compute =   26.024 | L4[WIO] P5 Q5 M4 - L3[I] P4 M2 C8 M16Y C16X - L2[W] C2 M2 Q4 P3 - L1[W] Q4 - L0[O] Q1 
[  7] Utilization = 1.00 | pJ/Compute =   25.720 | L4[WIO] Q5 M4 P5 - L3[I] M2 C16 P4 M16Y C16X - L2[W] M2 Q4 P3 - L1[W] Q4 - L0[O] Q1 
[  0] Utilization = 1.00 | pJ/Compute =   23.390 | L4[WIO] C8 Q4 M4 - L3[I] M2 Q5 M16Y C16X - L2[W] M2 C2 Q4 P2 - L1[W] P30 - L0[O] Q1 
[  5] Utilization = 1.00 | pJ/Compute =   23.753 | L4[WIO] Q2 C8 P3 - L3[I] M2 C2 Q10 P10 M16Y C16X - L2[W] M8 Q2 - L1[W] P2 Q2 - L0[O] Q1 
[  2] Utilization = 1.00 | pJ/Compute =   23.753 | L4[WIO] Q2 C4 P3 - L3[I] M2 C4 Q10 P10 M16Y C16X - L2[W] M8 Q2 - L1[W] P2 Q2 - L0[O] Q1 
[  1] Utilization = 1.00 | pJ/Compute =   25.720 | L4[WIO] P5 M4 Q5 - L3[I] M2 C2 P4 M16Y C16X - L2[W] C8 M2 Q4 P3 - L1[W] Q4 - L0[O] Q1 
[  4] Utilization = 1.00 | pJ/Compute =   25.720 | L4[WIO] P5 M4 Q5 - L3[I] M2 C4 P4 M16Y C16X - L2[W] C4 M2 Q4 P3 - L1[W] Q4 - L0[O] Q1 
[  6] Utilization = 1.00 | pJ/Compute =   25.720 | L4[WIO] P5 M4 Q5 - L3[I] M2 C8 P4 M16Y C16X - L2[W] C2 M2 Q4 P3 - L1[W] Q4 - L0[O] Q1 
[  7] Utilization = 1.00 | pJ/Compute =   24.000 | L4[WIO] P5 Q5 M4 - L3[I] C16 M2 P4 M16Y C16X - L2[W] M2 Q4 P3 - L1[W] Q4 - L0[O] Q1 
[  4] Utilization = 1.00 | pJ/Compute =   25.211 | L4[WIO] C8 P3 Q2 - L3[I] Q10 M2 P10 M16Y C16X - L2[W] M8 C2 Q2 - L1[W] Q2 P2 - L0[O] Q1 
[  6] Utilization = 1.00 | pJ/Compute =   25.211 | L4[WIO] P3 C16 Q2 - L3[I] P10 M2 Q10 M16Y C16X - L2[W] M8 Q2 - L1[W] Q2 P2 - L0[O] Q1 
[  4] Utilization = 1.00 | pJ/Compute =   23.753 | L4[WIO] P3 C8 Q2 - L3[I] M2 Q10 P10 M16Y C16X - L2[W] C2 M8 Q2 - L1[W] P2 Q2 - L0[O] Q1 
[  7] Utilization = 1.00 | pJ/Compute =   23.422 | L4[WIO] C8 Q4 M4 - L3[I] C2 Q10 P2 M16Y C16X - L2[W] M4 P30 - L1[W] Q2 - L0[O] Q1 
[  6] Utilization = 1.00 | pJ/Compute =   23.753 | L4[WIO] C16 P3 Q2 - L3[I] M2 P10 Q10 M16Y C16X - L2[W] M8 Q2 - L1[W] P2 Q2 - L0[O] Q1 
[  1] Utilization = 1.00 | pJ/Compute =   25.211 | L4[WIO] Q2 C4 P3 - L3[I] C2 Q10 M2 P10 M16Y C16X - L2[W] C2 M8 Q2 - L1[W] P2 Q2 - L0[O] Q1 
[  1] Utilization = 1.00 | pJ/Compute =   23.753 | L4[WIO] Q2 C4 P3 - L3[I] C2 M2 P10 Q10 M16Y C16X - L2[W] C2 M8 Q2 - L1[W] P2 Q2 - L0[O] Q1 
[  2] Utilization = 1.00 | pJ/Compute =   23.602 | L4[WIO] C8 Q4 - L3[I] C2 P3 M16 Q10 M16Y C16X - L2[W] P20 - L1[W] Q2 - L0[O] Q1 
[  2] Utilization = 1.00 | pJ/Compute =   23.381 | L4[WIO] Q4 C8 - L3[I] M16 C2 Q10 P3 M16Y C16X - L2[W] P20 - L1[W] Q2 - L0[O] Q1 
[  6] Utilization = 1.00 | pJ/Compute =   23.422 | L4[WIO] Q4 C8 M4 - L3[I] P2 Q10 M16Y C16X - L2[W] C2 M4 P30 - L1[W] Q2 - L0[O] Q1 
[  1] Utilization = 1.00 | pJ/Compute =   23.659 | L4[WIO] C8 Q4 - L3[I] P3 M16 Q10 M16Y C16X - L2[W] C2 P20 - L1[W] Q2 - L0[O] Q1 
[  5] Utilization = 1.00 | pJ/Compute =   23.509 | L4[WIO] P4 C4 Q2 M4 - L3[I] C2 P5 M16Y C16X - L2[W] C2 M4 Q10 - L1[W] Q4 P3 - L0[O] Q1 
[  1] Utilization = 1.00 | pJ/Compute =   23.443 | L4[WIO] C8 Q4 - L3[I] M16 P3 Q10 M16Y C16X - L2[W] C2 P20 - L1[W] Q2 - L0[O] Q1 
[  1] Utilization = 1.00 | pJ/Compute =   23.390 | L4[WIO] C8 Q4 M4 - L3[I] M2 C2 Q5 M16Y C16X - L2[W] M2 Q4 P2 - L1[W] P30 - L0[O] Q1 
[  4] Utilization = 1.00 | pJ/Compute =   23.648 | L4[WIO] Q2 P5 C8 - L3[I] C2 M8 Q10 P2 M16Y C16X - L2[W] M2 P6 - L1[W] Q4 - L0[O] Q1 
[  4] Utilization = 1.00 | pJ/Compute =   23.458 | L4[WIO] C8 Q20 - L3[I] P15 M16Y C16X - L2[W] C2 M16 Q2 P2 - L1[W] Q2 P2 - L0[O] Q1 
[  5] Utilization = 1.00 | pJ/Compute =   23.449 | L4[WIO] P5 C8 M2 - L3[I] C2 M2 Q16 M16Y C16X - L2[W] M4 Q5 P2 - L1[W] P6 - L0[O] Q1 
[  4] Utilization = 1.00 | pJ/Compute =   23.449 | L4[WIO] C8 P5 M2 - L3[I] M2 Q16 M16Y C16X - L2[W] C2 M4 Q5 P2 - L1[W] P6 - L0[O] Q1 
[  3] Utilization = 1.00 | pJ/Compute =   23.355 | L4[WIO] C16 P3 M8 - L3[I] Q2 M16Y C16X - L2[W] M2 Q8 P5 - L1[W] P4 Q5 - L0[O] Q1 
[  0] Utilization = 1.00 | pJ/Compute =   23.381 | L4[WIO] P4 C16 M2 - L3[I] M8 P3 Q10 M16Y C16X - L2[W] Q8 - L1[W] P5 - L0[O] Q1 
[  2] Utilization = 1.00 | pJ/Compute =   23.355 | L4[WIO] C8 P3 M8 - L3[I] C2 Q2 M16Y C16X - L2[W] M2 Q8 P5 - L1[W] P4 Q5 - L0[O] Q1 
[  0] Utilization = 1.00 | pJ/Compute =   23.326 | L4[WIO] Q2 C16 M4 - L3[I] M4 Q20 M16Y C16X - L2[W] P12 - L1[W] Q2 P5 - L0[O] Q1 
[  7] Utilization = 1.00 | pJ/Compute =   23.326 | L4[WIO] P2 C16 M2 - L3[I] M8 Q8 P10 M16Y C16X - L2[W] Q2 P3 - L1[W] Q5 - L0[O] Q1 
[  5] Utilization = 1.00 | pJ/Compute =   23.411 | L4[WIO] Q2 C16 M8 - L3[I] Q8 P10 M16Y C16X - L2[W] M2 Q5 P2 - L1[W] P3 - L0[O] Q1 
[  1] Utilization = 1.00 | pJ/Compute =   23.355 | L4[WIO] C8 P3 M8 - L3[I] Q2 M16Y C16X - L2[W] M2 C2 Q8 P5 - L1[W] Q5 P4 - L0[O] Q1 
[  5] Utilization = 1.00 | pJ/Compute =   23.326 | L4[WIO] P2 C16 M8 - L3[I] M2 Q4 M16Y C16X - L2[W] Q2 P5 - L1[W] Q10 P6 - L0[O] Q1 
[  5] Utilization = 1.00 | pJ/Compute =   18.735 | L4[WIO] C4 P60 M8 Q4 - L3[I] Q20 M16Y C16X - L2[W] M2 C4 - L1[W] Q1 - L0[O] Q1 
[  5] Utilization = 1.00 | pJ/Compute =   17.223 | L4[WIO] Q4 C4 M8 P60 - L3[I] Q20 M16Y C16X - L2[W] M2 C4 - L1[W] Q1 - L0[O] Q1 
[  6] Utilization = 1.00 | pJ/Compute =   23.409 | L4[WIO] P5 C4 M2 - L3[I] C2 M16Y C16X - L2[W] M8 C2 Q40 P2 - L1[W] P6 Q2 - L0[O] Q1 
[  4] Utilization = 1.00 | pJ/Compute =   23.409 | L4[WIO] P5 C4 M2 - L3[I] Q1 M16Y C16X - L2[W] C4 M8 Q40 P2 - L1[W] P6 Q2 - L0[O] Q1 
[  4] Utilization = 1.00 | pJ/Compute =   23.381 | L4[WIO] Q4 C8 M8 - L3[I] M2 C2 Q2 P60 M16Y C16X - L2[W] Q5 - L1[W] Q2 - L0[O] Q1 
[  2] Utilization = 1.00 | pJ/Compute =   23.320 | L4[WIO] C16 Q4 P5 - L3[I] P2 M16Y C16X - L2[W] M16 Q5 P2 - L1[W] P3 Q4 - L0[O] Q1 
[  6] Utilization = 1.00 | pJ/Compute =   23.384 | L4[WIO] C16 Q4 M8 - L3[I] P2 M16Y C16X - L2[W] M2 Q10 P3 - L1[W] P10 Q2 - L0[O] Q1 
[  4] Utilization = 1.00 | pJ/Compute =   13.967 | L4[WIO] P30 Q5 - L3[I] M16 Q16 P2 M16Y C16X - L2[W] C16 - L1[W] Q1 - L0[O] Q1 
[  6] Utilization = 1.00 | pJ/Compute =   23.381 | L4[WIO] C8 P4 M8 - L3[I] M2 M16Y C16X - L2[W] C2 Q2 P3 - L1[W] P5 Q40 - L0[O] Q1 
[  6] Utilization = 1.00 | pJ/Compute =   23.342 | L4[WIO] Q2 C16 - L3[I] M8 P2 Q8 M16Y C16X - L2[W] M2 Q5 P30 - L1[W] Q1 - L0[O] Q1 
[  0] Utilization = 1.00 | pJ/Compute =   23.320 | L4[WIO] C8 Q4 P5 - L3[I] P2 M16Y C16X - L2[W] C2 M16 Q5 P2 - L1[W] P3 Q4 - L0[O] Q1 
[  0] Utilization = 1.00 | pJ/Compute =   23.311 | L4[WIO] C2 Q4 P3 - L3[I] P2 M16Y C16X - L2[W] M16 C8 Q4 P10 - L1[W] Q5 - L0[O] Q1 
[  6] Utilization = 1.00 | pJ/Compute =   23.327 | L4[WIO] C16 Q2 M8 - L3[I] Q2 M16Y C16X - L2[W] M2 Q2 P5 - L1[W] P12 Q10 - L0[O] Q1 
[  1] Utilization = 1.00 | pJ/Compute =   23.324 | L4[WIO] C16 P6 Q4 - L3[I] P2 M16Y C16X - L2[W] M16 Q4 P5 - L1[W] Q5 - L0[O] Q1 
[  3] Utilization = 1.00 | pJ/Compute =   23.326 | L4[WIO] P2 C16 M16 - L3[I] P30 Q4 M16Y C16X - L2[W] Q2 - L1[W] Q10 - L0[O] Q1 
[  7] STATEMENT: 3000 suboptimal mappings found since the last upgrade, terminating search.
[  3] Utilization = 1.00 | pJ/Compute =   23.314 | L4[WIO] C16 P10 - L3[I] P3 M16Y C16X - L2[W] M16 - L1[W] Q80 P2 - L0[O] Q1 
[  5] STATEMENT: 3000 suboptimal mappings found since the last upgrade, terminating search.
[  4] STATEMENT: 3000 suboptimal mappings found since the last upgrade, terminating search.
[  1] Utilization = 1.00 | pJ/Compute =   23.314 | L4[WIO] C8 P10 - L3[I] P3 M16Y C16X - L2[W] C2 M16 - L1[W] P2 Q80 - L0[O] Q1 
[  2] STATEMENT: 3000 suboptimal mappings found since the last upgrade, terminating search.
[  1] Utilization = 1.00 | pJ/Compute =   17.776 | L4[WIO] C2 Q4 P4 M2 - L3[I] C4 M2 P15 Q20 M16Y C16X - L2[W] M4 C2 - L1[W] Q1 - L0[O] Q1 
[  3] Utilization = 1.00 | pJ/Compute =   19.580 | L4[WIO] Q4 C4 P3 M2 - L3[I] Q20 M4 P20 M16Y C16X - L2[W] M2 C4 - L1[W] Q1 - L0[O] Q1 
[  3] Utilization = 1.00 | pJ/Compute =   13.998 | L4[WIO] C4 Q4 M2 P3 - L3[I] M4 P20 Q20 M16Y C16X - L2[W] M2 C4 - L1[W] Q1 - L0[O] Q1 
[  0] STATEMENT: 3000 suboptimal mappings found since the last upgrade, terminating search.
[  6] STATEMENT: 3000 suboptimal mappings found since the last upgrade, terminating search.
[  3] STATEMENT: 3000 suboptimal mappings found since the last upgrade, terminating search.
[  1] STATEMENT: 3000 suboptimal mappings found since the last upgrade, terminating search.
