[  0] Utilization = 0.12 | pJ/Compute =   53.406 | L5[WIO] Q40 P4 M4 - L4[IO] P5 Q2 M2 M2X - L3[I] Q1 M4Y - L2[W] C32 R3 S3 - L1[O] M2 C4Y - L0[W] P3 
[  1] Utilization = 0.25 | pJ/Compute =   53.324 | L5[WIO] Q40 P4 M4 - L4[IO] P5 Q2 M2 C2X M2X - L3[I] Q1 M4Y - L2[W] C16 R3 S3 - L1[O] M2 C4Y - L0[W] P3 
[  7] Utilization = 0.25 | pJ/Compute =   53.989 | L5[WIO] Q40 P4 M4 - L4[IO] P5 Q2 M2 C2 C2X M2X - L3[I] Q1 M4Y - L2[W] C8 R3 S3 - L1[O] M2 C4Y - L0[W] P3 
[  6] Utilization = 0.12 | pJ/Compute =   54.071 | L5[WIO] Q40 P4 M4 - L4[IO] P5 Q2 M2 C2 M2X - L3[I] Q1 M4Y - L2[W] C16 R3 S3 - L1[O] M2 C4Y - L0[W] P3 
[  4] Utilization = 1.00 | pJ/Compute =   53.263 | L5[WIO] Q40 P4 M4 - L4[IO] Q2 P5 M2 C8X M2X - L3[I] Q1 M4Y - L2[W] R3 S3 C4 - L1[O] M2 C4Y - L0[W] P3 
[  2] Utilization = 0.50 | pJ/Compute =   53.283 | L5[WIO] Q40 P4 M4 - L4[IO] Q2 P5 M2 C4X M2X - L3[I] Q1 M4Y - L2[W] R3 S3 C8 - L1[O] M2 C4Y - L0[W] P3 
[  3] Utilization = 0.25 | pJ/Compute =   22.292 | L5[WIO] P10 Q4 M8 C8 - L4[IO] Q4 P3 C2 C2X M2X - L3[I] Q1 M4Y - L2[W] S3 R3 - L1[O] M2 C4Y - L0[W] Q5 P2 
[  5] Utilization = 0.12 | pJ/Compute =   10.163 | L5[WIO] Q4 P10 M8 C16 - L4[IO] P3 Q4 M2X - L3[I] Q1 M4Y - L2[W] R3 S3 C2 - L1[O] M2 C4Y - L0[W] Q5 P2 
[  5] Utilization = 0.12 | pJ/Compute =   10.074 | L5[WIO] P10 Q4 M8 C16 - L4[IO] Q4 P3 M2X - L3[I] Q1 M4Y - L2[W] C2 S3 R3 - L1[O] M2 C4Y - L0[W] Q5 P2 
[  0] Utilization = 0.25 | pJ/Compute =    9.797 | L5[WIO] Q4 P10 M8 C8 - L4[IO] Q4 P3 C2X M2X - L3[I] Q1 M4Y - L2[W] R3 S3 C2 - L1[O] M2 C4Y - L0[W] Q5 P2 
[  1] Utilization = 0.50 | pJ/Compute =    9.776 | L5[WIO] Q4 P10 M8 C8 - L4[IO] Q4 P3 C4X M2X - L3[I] Q1 M4Y - L2[W] R3 S3 - L1[O] M2 C4Y - L0[W] Q5 P2 
[  6] Utilization = 0.25 | pJ/Compute =   10.020 | L5[WIO] Q4 P10 M8 C16 - L4[IO] Q4 P3 C2X M2X - L3[I] Q1 M4Y - L2[W] R3 S3 - L1[O] M2 C4Y - L0[W] Q5 P2 
[  7] Utilization = 0.12 | pJ/Compute =   22.569 | L5[WIO] Q4 P10 M8 C16 - L4[IO] Q4 P3 C2 M2X - L3[I] Q1 M4Y - L2[W] R3 S3 - L1[O] M2 C4Y - L0[W] Q5 P2 
[  5] Utilization = 1.00 | pJ/Compute =   24.791 | L5[WIO] Q10 M4 C2 - L4[IO] P30 Q2 M2 C2 C8X M2X - L3[I] Q1 M4Y - L2[W] S3 R3 - L1[O] M2 C4Y - L0[W] Q4 P2 
[  4] Utilization = 0.50 | pJ/Compute =   24.805 | L5[WIO] Q10 M4 C2 - L4[IO] P30 Q2 M2 C2 C4X M2X - L3[I] Q1 M4Y - L2[W] S3 R3 C2 - L1[O] M2 C4Y - L0[W] Q4 P2 
[  7] Utilization = 0.50 | pJ/Compute =   13.262 | L5[WIO] Q5 P20 M16 C4 - L4[IO] Q1 C8X - L3[I] Q1 M4Y - L2[W] R3 S3 - L1[O] M2 C4Y - L0[W] Q16 P3 
[  0] Utilization = 1.00 | pJ/Compute =   24.392 | L5[WIO] Q10 M4 C2 - L4[IO] P30 Q2 M2 C8X M2X - L3[I] Q1 M4Y - L2[W] S3 R3 C2 - L1[O] M2 C4Y - L0[W] Q4 P2 
[  3] Utilization = 0.25 | pJ/Compute =   15.871 | L5[WIO] Q4 P2 M2 C4 - L4[IO] P10 Q4 C4 M4X - L3[I] Q1 M4Y - L2[W] S3 R3 C2 - L1[O] M4 C4Y - L0[W] Q5 P3 
[  5] Utilization = 0.50 | pJ/Compute =   11.275 | L5[WIO] P30 M8 C2 - L4[IO] Q2 M4 C2 C8X - L3[I] Q1 M4Y - L2[W] S3 R3 - L1[O] Q1 C4Y - L0[W] Q40 P2 
[  4] Utilization = 0.50 | pJ/Compute =   15.841 | L5[WIO] Q4 P2 M2 C4 - L4[IO] P10 Q4 C4 C2X M4X - L3[I] Q1 M4Y - L2[W] R3 S3 - L1[O] M4 C4Y - L0[W] Q5 P3 
[  6] Utilization = 0.25 | pJ/Compute =    7.850 | L5[WIO] P2 Q4 M2 C32 - L4[IO] Q4 P10 M4X - L3[I] Q1 M4Y - L2[W] R3 S3 - L1[O] M4 C4Y - L0[W] Q5 P3 
[  1] Utilization = 1.00 | pJ/Compute =   13.622 | L5[WIO] P30 Q8 M2 C2 - L4[IO] M16 C16X - L3[I] Q1 M4Y - L2[W] S3 R3 - L1[O] Q1 C4Y - L0[W] Q10 P2 
[  1] Utilization = 1.00 | pJ/Compute =   10.126 | L5[WIO] P30 M8 C2 - L4[IO] Q2 M4 C16X - L3[I] Q1 M4Y - L2[W] R3 S3 - L1[O] Q1 C4Y - L0[W] Q40 P2 
[  2] Utilization = 1.00 | pJ/Compute =   15.829 | L5[WIO] Q4 P2 M2 C4 - L4[IO] P10 Q4 C2 C4X M4X - L3[I] Q1 M4Y - L2[W] R3 S3 - L1[O] M4 C4Y - L0[W] Q5 P3 
[  5] Utilization = 1.00 | pJ/Compute =    8.749 | L5[WIO] P5 Q4 M4 - L4[IO] Q4 C4 C4X M4X - L3[I] Q1 M4Y - L2[W] C2 S3 R3 - L1[O] M2 C4Y - L0[W] Q5 P12 
[  0] Utilization = 1.00 | pJ/Compute =   12.429 | L5[WIO] P20 C2 - L4[IO] P3 Q80 C8X M2X - L3[I] Q1 M4Y - L2[W] S3 C2 R3 - L1[O] M16 C4Y - L0[W] Q1 
[  0] Utilization = 1.00 | pJ/Compute =    8.749 | L5[WIO] P5 Q4 M4 - L4[IO] Q4 C2 C4X M4X - L3[I] Q1 M4Y - L2[W] C4 S3 R3 - L1[O] M2 C4Y - L0[W] Q5 P12 
[  6] Utilization = 1.00 | pJ/Compute =   15.985 | L5[WIO] Q5 P6 - L4[IO] P10 M2 C2 M16X - L3[I] Q1 M4Y - L2[W] R3 S3 C16 - L1[O] Q1 C4Y - L0[W] Q16 
[  4] Utilization = 0.50 | pJ/Compute =    8.765 | L5[WIO] Q4 P5 M4 - L4[IO] Q4 C4 C2X M4X - L3[I] Q1 M4Y - L2[W] C4 S3 R3 - L1[O] M2 C4Y - L0[W] Q5 P12 
[  3] Utilization = 0.25 | pJ/Compute =    8.796 | L5[WIO] Q4 P5 M4 - L4[IO] Q4 C4 M4X - L3[I] Q1 M4Y - L2[W] R3 S3 C8 - L1[O] M2 C4Y - L0[W] Q5 P12 
[  2] Utilization = 1.00 | pJ/Compute =   14.452 | L5[WIO] P3 Q20 - L4[IO] Q4 M8 C8 C4X M4X - L3[I] Q1 M4Y - L2[W] S3 R3 - L1[O] Q1 C4Y - L0[W] P20 
[  4] Utilization = 1.00 | pJ/Compute =    9.824 | L5[WIO] Q2 P5 M8 C2 - L4[IO] P6 C2 C4X M4X - L3[I] Q1 M4Y - L2[W] R3 C2 S3 - L1[O] Q1 C4Y - L0[W] Q40 P2 
[  7] Utilization = 1.00 | pJ/Compute =   13.289 | L5[WIO] P3 Q20 C2 - L4[IO] Q4 M8 C4X M4X - L3[I] Q1 M4Y - L2[W] R3 C4 S3 - L1[O] Q1 C4Y - L0[W] P20 
[  3] Utilization = 0.50 | pJ/Compute =    9.837 | L5[WIO] Q2 P5 M8 C2 - L4[IO] P6 C2 C2X M4X - L3[I] Q1 M4Y - L2[W] C4 R3 S3 - L1[O] Q1 C4Y - L0[W] Q40 P2 
[  0] Utilization = 1.00 | pJ/Compute =    7.484 | L5[WIO] Q5 P3 M2 C2 - L4[IO] Q4 P10 C8X M2X - L3[I] Q1 M4Y - L2[W] C2 S3 R3 - L1[O] M8 C4Y - L0[W] Q4 P2 
[  6] Utilization = 1.00 | pJ/Compute =   11.690 | L5[WIO] Q2 P5 M4 C4 - L4[IO] P4 Q4 M2 C4X M4X - L3[I] Q1 M4Y - L2[W] S3 C2 R3 - L1[O] Q1 C4Y - L0[W] Q10 P3 
[  1] Utilization = 1.00 | pJ/Compute =   10.013 | L5[WIO] Q20 P3 - L4[IO] Q2 M2 C8 C2X M8X - L3[I] Q1 M4Y - L2[W] S3 R3 C2 - L1[O] M2 C4Y - L0[W] Q2 P20 
[  1] Utilization = 1.00 | pJ/Compute =    9.960 | L5[WIO] P3 Q20 - L4[IO] Q2 M2 C8 C2X M8X - L3[I] Q1 M4Y - L2[W] R3 S3 C2 - L1[O] M2 C4Y - L0[W] Q2 P20 
[  7] Utilization = 1.00 | pJ/Compute =    9.268 | L5[WIO] Q10 P4 M4 C2 - L4[IO] P3 Q8 C4X M4X - L3[I] Q1 M4Y - L2[W] S3 R3 C4 - L1[O] M2 C4Y - L0[W] P5 
[  6] Utilization = 1.00 | pJ/Compute =    9.840 | L5[WIO] Q20 P3 C2 - L4[IO] Q2 M2 C2X M8X - L3[I] Q1 M4Y - L2[W] C8 R3 S3 - L1[O] M2 C4Y - L0[W] Q2 P20 
[  4] Utilization = 1.00 | pJ/Compute =    9.612 | L5[WIO] P6 Q8 C4 - L4[IO] P2 M4 C4 C2X M8X - L3[I] Q1 M4Y - L2[W] R3 S3 - L1[O] Q1 C4Y - L0[W] Q10 P5 
[  0] Utilization = 1.00 | pJ/Compute =    6.743 | L5[WIO] Q5 P15 - L4[IO] Q4 M16X - L3[I] Q1 M4Y - L2[W] C32 S3 R3 - L1[O] M2 C4Y - L0[W] Q4 P4 
[  1] Utilization = 1.00 | pJ/Compute =    9.612 | L5[WIO] Q8 P6 C4 - L4[IO] P2 M4 C2 C2X M8X - L3[I] Q1 M4Y - L2[W] S3 C2 R3 - L1[O] Q1 C4Y - L0[W] Q10 P5 
[  3] Utilization = 0.50 | pJ/Compute =    9.625 | L5[WIO] Q8 P6 C4 - L4[IO] P2 M4 C4 M8X - L3[I] Q1 M4Y - L2[W] C2 R3 S3 - L1[O] Q1 C4Y - L0[W] Q10 P5 
[  4] Utilization = 1.00 | pJ/Compute =    8.967 | L5[WIO] Q10 P2 M8 - L4[IO] Q4 M2 C8X M2X - L3[I] Q1 M4Y - L2[W] C4 R3 S3 - L1[O] Q1 C4Y - L0[W] Q2 P30 
[  3] Utilization = 1.00 | pJ/Compute =   12.739 | L5[WIO] Q5 P10 C4 - L4[IO] P2 Q2 M2 C4 M16X - L3[I] Q1 M4Y - L2[W] S3 R3 C2 - L1[O] Q1 C4Y - L0[W] Q8 P3 
[  1] Utilization = 1.00 | pJ/Compute =    8.921 | L5[WIO] Q4 M4 C8 - L4[IO] P60 Q5 C4X M4X - L3[I] Q1 M4Y - L2[W] R3 S3 - L1[O] M2 C4Y - L0[W] Q4 
[  1] Utilization = 1.00 | pJ/Compute =    8.540 | L5[WIO] Q4 M4 C8 - L4[IO] Q5 P60 C4X M4X - L3[I] Q1 M4Y - L2[W] S3 R3 - L1[O] M2 C4Y - L0[W] Q4 
[  2] Utilization = 1.00 | pJ/Compute =   13.488 | L5[WIO] P6 Q8 M2 - L4[IO] Q5 M4 C2 C16X - L3[I] Q1 M4Y - L2[W] S3 R3 - L1[O] M4 C4Y - L0[W] Q2 P10 
[  6] Utilization = 1.00 | pJ/Compute =    7.680 | L5[WIO] P4 Q5 M4 C4 - L4[IO] P3 Q2 C4X M4X - L3[I] Q1 M4Y - L2[W] S3 C2 R3 - L1[O] M2 C4Y - L0[W] Q8 P5 
[  6] Utilization = 1.00 | pJ/Compute =    7.645 | L5[WIO] P4 Q5 M4 C4 - L4[IO] Q2 P3 C4X M4X - L3[I] Q1 M4Y - L2[W] R3 C2 S3 - L1[O] M2 C4Y - L0[W] Q8 P5 
[  4] Utilization = 1.00 | pJ/Compute =    8.480 | L5[WIO] P4 Q4 M16 - L4[IO] Q4 P15 C8X M2X - L3[I] Q1 M4Y - L2[W] R3 S3 C4 - L1[O] Q1 C4Y - L0[W] Q5 
[  3] Utilization = 1.00 | pJ/Compute =   11.150 | L5[WIO] P30 C8 - L4[IO] Q5 M2 C2 C2X M8X - L3[I] Q1 M4Y - L2[W] S3 R3 - L1[O] M2 C4Y - L0[W] Q16 P2 
[  2] Utilization = 1.00 | pJ/Compute =   13.330 | L5[WIO] P5 Q5 M4 C4 - L4[IO] Q4 P2 M2 C2 C4X M4X - L3[I] Q1 M4Y - L2[W] R3 S3 - L1[O] Q1 C4Y - L0[W] Q4 P6 
[  3] Utilization = 1.00 | pJ/Compute =   10.316 | L5[WIO] P6 Q10 C4 - L4[IO] Q2 M2 C4 M16X - L3[I] Q1 M4Y - L2[W] C2 R3 S3 - L1[O] Q1 C4Y - L0[W] Q4 P10 
[  7] Utilization = 1.00 | pJ/Compute =    8.135 | L5[WIO] P2 Q5 M2 C4 - L4[IO] Q8 P15 C8X M2X - L3[I] Q1 M4Y - L2[W] R3 S3 - L1[O] M8 C4Y - L0[W] Q2 P2 
[  2] Utilization = 1.00 | pJ/Compute =   12.627 | L5[WIO] P4 Q5 M2 - L4[IO] Q2 P5 M8 C2 C16X - L3[I] Q1 M4Y - L2[W] R3 S3 - L1[O] M2 C4Y - L0[W] Q8 P3 
[  2] Utilization = 1.00 | pJ/Compute =    8.764 | L5[WIO] P5 Q8 M4 - L4[IO] Q2 M2 C4X M4X - L3[I] Q1 M4Y - L2[W] S3 R3 C8 - L1[O] Q1 C4Y - L0[W] Q5 P12 
[  5] Utilization = 1.00 | pJ/Compute =    8.261 | L5[WIO] Q2 P15 M32 - L4[IO] Q5 C16X - L3[I] Q1 M4Y - L2[W] S3 R3 C2 - L1[O] Q1 C4Y - L0[W] Q8 P4 
[  5] Utilization = 1.00 | pJ/Compute =    8.176 | L5[WIO] Q8 P3 M16 - L4[IO] P10 Q2 C16X - L3[I] Q1 M4Y - L2[W] C2 R3 S3 - L1[O] M2 C4Y - L0[W] Q5 P2 
[  5] Utilization = 1.00 | pJ/Compute =    7.865 | L5[WIO] P3 Q8 M16 - L4[IO] Q2 P10 C16X - L3[I] Q1 M4Y - L2[W] R3 C2 S3 - L1[O] M2 C4Y - L0[W] Q5 P2 
[  3] Utilization = 1.00 | pJ/Compute =    9.368 | L5[WIO] Q4 P3 C8 - L4[IO] Q4 P2 M2 C2 C2X M8X - L3[I] Q1 M4Y - L2[W] R3 S3 - L1[O] M2 C4Y - L0[W] Q5 P10 
[  0] STATEMENT: 2000 suboptimal mappings found since the last upgrade, terminating search.
[  4] Utilization = 1.00 | pJ/Compute =    7.383 | L5[WIO] P3 Q10 M4 - L4[IO] Q8 C8X M2X - L3[I] Q1 M4Y - L2[W] R3 C4 S3 - L1[O] M4 C4Y - L0[W] P20 
[  6] STATEMENT: 2000 suboptimal mappings found since the last upgrade, terminating search.
[  7] Utilization = 1.00 | pJ/Compute =    7.519 | L5[WIO] P6 M4 C4 - L4[IO] Q80 C8X M2X - L3[I] Q1 M4Y - L2[W] S3 R3 - L1[O] M4 C4Y - L0[W] P10 
[  2] Utilization = 1.00 | pJ/Compute =    7.197 | L5[WIO] Q2 P12 M4 - L4[IO] Q4 C4X M4X - L3[I] Q1 M4Y - L2[W] C8 R3 S3 - L1[O] M2 C4Y - L0[W] Q10 P5 
[  1] Utilization = 1.00 | pJ/Compute =    8.165 | L5[WIO] Q5 M8 C8 - L4[IO] P4 Q8 C4X M4X - L3[I] Q1 M4Y - L2[W] R3 S3 - L1[O] Q1 C4Y - L0[W] Q2 P15 
[  1] Utilization = 1.00 | pJ/Compute =    6.932 | L5[WIO] P30 - L4[IO] P2 Q8 C2X M8X - L3[I] Q1 M4Y - L2[W] S3 R3 C16 - L1[O] M4 C4Y - L0[W] Q10 
[  1] Utilization = 1.00 | pJ/Compute =    6.867 | L5[WIO] P30 - L4[IO] Q8 P2 C2X M8X - L3[I] Q1 M4Y - L2[W] C16 S3 R3 - L1[O] M4 C4Y - L0[W] Q10 
[  5] STATEMENT: 2000 suboptimal mappings found since the last upgrade, terminating search.
[  4] STATEMENT: 2000 suboptimal mappings found since the last upgrade, terminating search.
[  7] STATEMENT: 2000 suboptimal mappings found since the last upgrade, terminating search.
[  3] STATEMENT: 2000 suboptimal mappings found since the last upgrade, terminating search.
[  2] STATEMENT: 2000 suboptimal mappings found since the last upgrade, terminating search.
[  1] STATEMENT: 2000 suboptimal mappings found since the last upgrade, terminating search.
