[  5] Utilization = 0.25 | pJ/Compute =   53.486 | L5[WIO] P4 Q40 M2 C4 - L4[IO] Q2 P5 M4 C4X - L3[I] Q1 M4Y - L2[W] S3 R3 - L1[O] M4 C4Y - L0[W] P3 
[  2] Utilization = 0.06 | pJ/Compute =   54.287 | L5[WIO] Q40 P4 M2 C2 - L4[IO] P5 Q2 M4 C8 - L3[I] Q1 M4Y - L2[W] R3 S3 - L1[O] M4 C4Y - L0[W] P3 
[  3] Utilization = 0.06 | pJ/Compute =   53.716 | L5[WIO] Q40 P4 M2 C4 - L4[IO] P5 Q2 M4 - L3[I] Q1 M4Y - L2[W] C4 R3 S3 - L1[O] M4 C4Y - L0[W] P3 
[  7] Utilization = 0.12 | pJ/Compute =   54.236 | L5[WIO] Q40 P4 M2 C4 - L4[IO] P5 Q2 M4 C2 C2X - L3[I] Q1 M4Y - L2[W] R3 S3 - L1[O] M4 C4Y - L0[W] P3 
[  1] Utilization = 0.12 | pJ/Compute =   54.125 | L5[WIO] Q40 P4 M2 C2 - L4[IO] P5 Q2 M4 C4 C2X - L3[I] Q1 M4Y - L2[W] R3 S3 - L1[O] M4 C4Y - L0[W] P3 
[  4] Utilization = 0.12 | pJ/Compute =   53.557 | L5[WIO] P4 Q40 M2 C4 - L4[IO] Q2 P5 M4 C2X - L3[I] Q1 M4Y - L2[W] R3 C2 S3 - L1[O] M4 C4Y - L0[W] P3 
[  0] Utilization = 0.06 | pJ/Compute =   54.287 | L5[WIO] Q40 P4 M2 C2 - L4[IO] P5 Q2 M4 C4 - L3[I] Q1 M4Y - L2[W] C2 R3 S3 - L1[O] M4 C4Y - L0[W] P3 
[  6] Utilization = 0.06 | pJ/Compute =   54.395 | L5[WIO] P4 Q40 M2 C4 - L4[IO] Q2 P5 M4 C2 - L3[I] Q1 M4Y - L2[W] S3 R3 C2 - L1[O] M4 C4Y - L0[W] P3 
[  5] Utilization = 0.12 | pJ/Compute =    9.167 | L5[WIO] Q4 P10 M4 C8 - L4[IO] P3 Q4 C2X - L3[I] Q1 M4Y - L2[W] R3 S3 - L1[O] M8 C4Y - L0[W] Q5 P2 
[  5] Utilization = 0.12 | pJ/Compute =    9.137 | L5[WIO] Q4 P10 M4 C8 - L4[IO] Q4 P3 C2X - L3[I] Q1 M4Y - L2[W] S3 R3 - L1[O] M8 C4Y - L0[W] Q5 P2 
[  5] Utilization = 1.00 | pJ/Compute =    9.595 | L5[WIO] P20 Q5 M4 - L4[IO] C4 C4X M4X - L3[I] Q1 M4Y - L2[W] S3 R3 - L1[O] M2 C4Y - L0[W] Q16 P3 
[  2] Utilization = 0.06 | pJ/Compute =   21.375 | L5[WIO] P10 Q4 M4 C4 - L4[IO] Q4 P3 C4 - L3[I] Q1 M4Y - L2[W] S3 R3 - L1[O] M8 C4Y - L0[W] Q5 P2 
[  7] Utilization = 0.12 | pJ/Compute =    8.276 | L5[WIO] P10 Q4 M4 - L4[IO] Q4 P3 M2X - L3[I] Q1 M4Y - L2[W] S3 R3 C16 - L1[O] M4 C4Y - L0[W] Q5 P2 
[  1] Utilization = 0.12 | pJ/Compute =   21.245 | L5[WIO] P10 Q4 M4 C4 - L4[IO] Q4 P3 C2 C2X - L3[I] Q1 M4Y - L2[W] S3 R3 - L1[O] M8 C4Y - L0[W] Q5 P2 
[  2] Utilization = 0.06 | pJ/Compute =   16.924 | L5[WIO] Q5 P20 M4 C8 - L4[IO] P3 M2 C2 - L3[I] Q1 M4Y - L2[W] S3 R3 - L1[O] M4 C4Y - L0[W] Q16 
[  1] Utilization = 1.00 | pJ/Compute =    9.595 | L5[WIO] Q5 P20 M4 - L4[IO] C2 C4X M4X - L3[I] Q1 M4Y - L2[W] S3 C2 R3 - L1[O] M2 C4Y - L0[W] Q16 P3 
[  7] Utilization = 0.25 | pJ/Compute =    9.642 | L5[WIO] P20 Q5 M4 - L4[IO] C8 M4X - L3[I] Q1 M4Y - L2[W] C2 S3 R3 - L1[O] M2 C4Y - L0[W] Q16 P3 
[  2] Utilization = 0.12 | pJ/Compute =   13.646 | L5[WIO] P30 Q8 C4 - L4[IO] M8 C2X - L3[I] Q1 M4Y - L2[W] S3 R3 C2 - L1[O] M4 C4Y - L0[W] Q10 P2 
[  3] Utilization = 0.06 | pJ/Compute =    9.691 | L5[WIO] Q4 P10 M4 C16 - L4[IO] Q4 P3 - L3[I] Q1 M4Y - L2[W] R3 S3 - L1[O] M8 C4Y - L0[W] Q5 P2 
[  7] Utilization = 1.00 | pJ/Compute =   15.436 | L5[WIO] Q5 P20 M4 - L4[IO] P3 M2 C8X M2X - L3[I] Q1 M4Y - L2[W] C2 R3 S3 - L1[O] M2 C4Y - L0[W] Q16 
[  2] Utilization = 0.12 | pJ/Compute =   12.927 | L5[WIO] P20 C4 - L4[IO] Q80 P3 C2X - L3[I] Q1 M4Y - L2[W] C2 S3 R3 - L1[O] M32 C4Y - L0[W] Q1 
[  3] Utilization = 0.25 | pJ/Compute =    9.642 | L5[WIO] Q5 P20 M4 - L4[IO] C4 M4X - L3[I] Q1 M4Y - L2[W] R3 C4 S3 - L1[O] M2 C4Y - L0[W] Q16 P3 
[  4] Utilization = 0.06 | pJ/Compute =    9.290 | L5[WIO] P10 Q4 M4 C8 - L4[IO] P3 Q4 - L3[I] Q1 M4Y - L2[W] S3 C2 R3 - L1[O] M8 C4Y - L0[W] Q5 P2 
[  2] Utilization = 0.12 | pJ/Compute =   12.884 | L5[WIO] P20 C4 - L4[IO] P3 Q80 C2X - L3[I] Q1 M4Y - L2[W] C2 S3 R3 - L1[O] M32 C4Y - L0[W] Q1 
[  4] Utilization = 0.06 | pJ/Compute =    9.260 | L5[WIO] P10 Q4 M4 C8 - L4[IO] Q4 P3 - L3[I] Q1 M4Y - L2[W] S3 R3 C2 - L1[O] M8 C4Y - L0[W] Q5 P2 
[  2] Utilization = 0.12 | pJ/Compute =    9.274 | L5[WIO] P30 M8 - L4[IO] Q2 M2 C4 M2X - L3[I] Q1 M4Y - L2[W] C4 R3 S3 - L1[O] Q1 C4Y - L0[W] Q40 P2 
[  1] Utilization = 1.00 | pJ/Compute =    9.166 | L5[WIO] P30 M8 - L4[IO] Q2 M2 C2 C8X M2X - L3[I] Q1 M4Y - L2[W] R3 S3 - L1[O] Q1 C4Y - L0[W] Q40 P2 
[  3] Utilization = 0.25 | pJ/Compute =    9.212 | L5[WIO] P30 M8 - L4[IO] Q2 M2 C4 C2X M2X - L3[I] Q1 M4Y - L2[W] C2 R3 S3 - L1[O] Q1 C4Y - L0[W] Q40 P2 
[  4] Utilization = 0.50 | pJ/Compute =    9.611 | L5[WIO] Q5 P20 M4 - L4[IO] C4 C2X M4X - L3[I] Q1 M4Y - L2[W] C2 R3 S3 - L1[O] M2 C4Y - L0[W] Q16 P3 
[  6] Utilization = 0.06 | pJ/Compute =   21.590 | L5[WIO] Q4 P10 M4 C8 - L4[IO] P3 Q4 C2 - L3[I] Q1 M4Y - L2[W] S3 R3 - L1[O] M8 C4Y - L0[W] Q5 P2 
[  0] Utilization = 0.06 | pJ/Compute =   21.375 | L5[WIO] Q4 P10 M4 C4 - L4[IO] Q4 P3 C2 - L3[I] Q1 M4Y - L2[W] R3 S3 C2 - L1[O] M8 C4Y - L0[W] Q5 P2 
[  6] Utilization = 0.25 | pJ/Compute =    9.642 | L5[WIO] Q5 P20 M4 - L4[IO] C16 M4X - L3[I] Q1 M4Y - L2[W] R3 S3 - L1[O] M2 C4Y - L0[W] Q16 P3 
[  4] Utilization = 0.50 | pJ/Compute =    9.181 | L5[WIO] P30 M8 - L4[IO] Q2 M2 C4 C4X M2X - L3[I] Q1 M4Y - L2[W] S3 R3 - L1[O] Q1 C4Y - L0[W] Q40 P2 
[  0] Utilization = 0.50 | pJ/Compute =    9.611 | L5[WIO] P20 Q5 M4 - L4[IO] C2 C2X M4X - L3[I] Q1 M4Y - L2[W] S3 R3 C4 - L1[O] M2 C4Y - L0[W] Q16 P3 
[  0] Utilization = 0.50 | pJ/Compute =    9.181 | L5[WIO] P30 M8 - L4[IO] Q2 M2 C2 C4X M2X - L3[I] Q1 M4Y - L2[W] S3 R3 C2 - L1[O] Q1 C4Y - L0[W] Q40 P2 
[  6] Utilization = 0.50 | pJ/Compute =   14.189 | L5[WIO] Q5 P20 M8 C2 - L4[IO] Q2 M4 C8X - L3[I] Q1 M4Y - L2[W] R3 S3 - L1[O] Q1 C4Y - L0[W] Q8 P3 
[  2] Utilization = 0.50 | pJ/Compute =   30.280 | L5[WIO] Q40 P4 M2 - L4[IO] P5 M2 C8 C2X M4X - L3[I] Q1 M4Y - L2[W] S3 R3 - L1[O] M2 C4Y - L0[W] Q2 P3 
[  6] Utilization = 0.50 | pJ/Compute =    9.549 | L5[WIO] P3 Q4 M8 C2 - L4[IO] P4 M2 C2 C4X M2X - L3[I] Q1 M4Y - L2[W] S3 R3 - L1[O] Q1 C4Y - L0[W] Q20 P5 
[  2] Utilization = 0.50 | pJ/Compute =    9.140 | L5[WIO] P3 Q4 M8 C2 - L4[IO] P4 M2 C4X M2X - L3[I] Q1 M4Y - L2[W] R3 C2 S3 - L1[O] Q1 C4Y - L0[W] Q20 P5 
[  6] Utilization = 1.00 | pJ/Compute =   18.010 | L5[WIO] P5 Q8 C2 - L4[IO] Q10 M16 C8X M2X - L3[I] Q1 M4Y - L2[W] S3 R3 - L1[O] Q1 C4Y - L0[W] P12 
[  3] Utilization = 1.00 | pJ/Compute =    9.131 | L5[WIO] Q4 P3 M8 C2 - L4[IO] P4 M2 C8X M2X - L3[I] Q1 M4Y - L2[W] R3 S3 - L1[O] Q1 C4Y - L0[W] Q20 P5 
[  6] Utilization = 1.00 | pJ/Compute =   13.918 | L5[WIO] P60 Q4 M2 - L4[IO] Q2 C8X M2X - L3[I] Q1 M4Y - L2[W] C2 S3 R3 - L1[O] M8 C4Y - L0[W] Q10 
[  6] Utilization = 1.00 | pJ/Compute =   11.926 | L5[WIO] P2 Q5 M2 C2 - L4[IO] Q8 P2 M2 C4 C2X M8X - L3[I] Q1 M4Y - L2[W] S3 R3 - L1[O] Q1 C4Y - L0[W] Q2 P15 
[  4] Utilization = 1.00 | pJ/Compute =   14.986 | L5[WIO] P3 Q80 M4 - L4[IO] P4 C4X M4X - L3[I] Q1 M4Y - L2[W] S3 C4 R3 - L1[O] M2 C4Y - L0[W] P5 
[  2] Utilization = 1.00 | pJ/Compute =    7.976 | L5[WIO] Q4 P4 M2 C4 - L4[IO] Q10 P3 C2X M8X - L3[I] Q1 M4Y - L2[W] S3 R3 C2 - L1[O] M2 C4Y - L0[W] Q2 P5 
[  2] Utilization = 1.00 | pJ/Compute =    7.836 | L5[WIO] P4 Q4 M2 C4 - L4[IO] P3 Q10 C2X M8X - L3[I] Q1 M4Y - L2[W] S3 R3 C2 - L1[O] M2 C4Y - L0[W] Q2 P5 
[  7] Utilization = 0.50 | pJ/Compute =    7.591 | L5[WIO] Q20 M2 C4 - L4[IO] Q2 P4 C2X M4X - L3[I] Q1 M4Y - L2[W] S3 R3 C2 - L1[O] M4 C4Y - L0[W] Q2 P15 
[  7] Utilization = 0.50 | pJ/Compute =    7.551 | L5[WIO] Q20 M2 C4 - L4[IO] P4 Q2 C2X M4X - L3[I] Q1 M4Y - L2[W] R3 S3 C2 - L1[O] M4 C4Y - L0[W] Q2 P15 
[  3] Utilization = 1.00 | pJ/Compute =    9.102 | L5[WIO] Q4 P20 - L4[IO] Q10 P3 C16X - L3[I] Q1 M4Y - L2[W] R3 S3 - L1[O] M32 C4Y - L0[W] Q2 
[  3] Utilization = 1.00 | pJ/Compute =    9.102 | L5[WIO] Q4 P20 - L4[IO] P3 Q10 C16X - L3[I] Q1 M4Y - L2[W] S3 R3 - L1[O] M32 C4Y - L0[W] Q2 
[  0] Utilization = 1.00 | pJ/Compute =    8.952 | L5[WIO] P2 Q10 M2 - L4[IO] Q4 M2 C2X M8X - L3[I] Q1 M4Y - L2[W] C8 S3 R3 - L1[O] Q1 C4Y - L0[W] Q2 P30 
[  5] Utilization = 1.00 | pJ/Compute =    9.366 | L5[WIO] P2 Q10 M2 - L4[IO] Q4 M2 C2 C2X M8X - L3[I] Q1 M4Y - L2[W] C4 S3 R3 - L1[O] Q1 C4Y - L0[W] Q2 P30 
[  7] Utilization = 1.00 | pJ/Compute =   14.040 | L5[WIO] Q8 P6 - L4[IO] Q5 M2 C4 M16X - L3[I] Q1 M4Y - L2[W] C4 S3 R3 - L1[O] Q1 C4Y - L0[W] Q2 P10 
[  7] Utilization = 1.00 | pJ/Compute =   14.038 | L5[WIO] P6 Q8 - L4[IO] Q5 M2 C4 M16X - L3[I] Q1 M4Y - L2[W] C4 S3 R3 - L1[O] Q1 C4Y - L0[W] Q2 P10 
[  4] Utilization = 1.00 | pJ/Compute =   13.532 | L5[WIO] Q40 M2 - L4[IO] P6 C2 C4X M4X - L3[I] Q1 M4Y - L2[W] C2 S3 R3 - L1[O] M4 C4Y - L0[W] Q2 P10 
[  7] Utilization = 1.00 | pJ/Compute =   11.288 | L5[WIO] P5 Q4 M2 - L4[IO] P4 Q2 M2 C4 C4X M4X - L3[I] Q1 M4Y - L2[W] R3 S3 - L1[O] M2 C4Y - L0[W] Q10 P3 
[  4] Utilization = 1.00 | pJ/Compute =   10.426 | L5[WIO] P5 Q10 M8 C2 - L4[IO] Q2 P6 C4X M4X - L3[I] Q1 M4Y - L2[W] R3 S3 C2 - L1[O] Q1 C4Y - L0[W] Q4 P2 
[  6] Utilization = 1.00 | pJ/Compute =    8.908 | L5[WIO] P2 Q5 M2 C2 - L4[IO] Q16 P10 C4X M4X - L3[I] Q1 M4Y - L2[W] S3 R3 C2 - L1[O] M4 C4Y - L0[W] P3 
[  6] Utilization = 1.00 | pJ/Compute =    8.764 | L5[WIO] Q5 P2 M2 C2 - L4[IO] P10 Q16 C4X M4X - L3[I] Q1 M4Y - L2[W] R3 S3 C2 - L1[O] M4 C4Y - L0[W] P3 
[  4] Utilization = 1.00 | pJ/Compute =    8.888 | L5[WIO] Q4 P10 M2 C4 - L4[IO] Q5 P2 M16X - L3[I] Q1 M4Y - L2[W] R3 C4 S3 - L1[O] Q1 C4Y - L0[W] Q4 P3 
[  4] Utilization = 1.00 | pJ/Compute =    8.828 | L5[WIO] Q4 P10 M2 C4 - L4[IO] P2 Q5 M16X - L3[I] Q1 M4Y - L2[W] C4 S3 R3 - L1[O] Q1 C4Y - L0[W] Q4 P3 
[  7] Utilization = 1.00 | pJ/Compute =    9.882 | L5[WIO] Q80 M4 - L4[IO] P10 C16X - L3[I] Q1 M4Y - L2[W] R3 S3 - L1[O] M8 C4Y - L0[W] P6 
[  5] Utilization = 1.00 | pJ/Compute =    9.205 | L5[WIO] P6 Q5 M4 C4 - L4[IO] P2 Q16 C4X M4X - L3[I] Q1 M4Y - L2[W] R3 S3 - L1[O] M2 C4Y - L0[W] P5 
[  1] Utilization = 1.00 | pJ/Compute =    8.126 | L5[WIO] Q2 P15 M4 C2 - L4[IO] Q5 C8X M2X - L3[I] Q1 M4Y - L2[W] S3 R3 - L1[O] M4 C4Y - L0[W] Q8 P4 
[  0] Utilization = 1.00 | pJ/Compute =    7.266 | L5[WIO] P10 Q4 - L4[IO] Q20 C4X M4X - L3[I] Q1 M4Y - L2[W] C4 S3 R3 - L1[O] M8 C4Y - L0[W] P6 
[  0] Utilization = 1.00 | pJ/Compute =    7.237 | L5[WIO] Q4 P10 - L4[IO] Q20 C4X M4X - L3[I] Q1 M4Y - L2[W] C4 R3 S3 - L1[O] M8 C4Y - L0[W] P6 
[  7] Utilization = 1.00 | pJ/Compute =    7.548 | L5[WIO] P2 Q8 C8 - L4[IO] P15 M16X - L3[I] Q1 M4Y - L2[W] R3 S3 C2 - L1[O] M2 C4Y - L0[W] Q10 P2 
[  6] Utilization = 1.00 | pJ/Compute =    6.979 | L5[WIO] Q4 P2 M4 - L4[IO] P2 Q4 C2X M8X - L3[I] Q1 M4Y - L2[W] C8 R3 S3 - L1[O] Q1 C4Y - L0[W] Q5 P15 
[  5] Utilization = 1.00 | pJ/Compute =    6.837 | L5[WIO] P20 Q2 - L4[IO] Q8 C2X M8X - L3[I] Q1 M4Y - L2[W] S3 C8 R3 - L1[O] M4 C4Y - L0[W] Q5 P3 
[  5] Utilization = 1.00 | pJ/Compute =    6.759 | L5[WIO] Q2 P20 - L4[IO] Q8 C2X M8X - L3[I] Q1 M4Y - L2[W] C8 S3 R3 - L1[O] M4 C4Y - L0[W] Q5 P3 
[  4] Utilization = 1.00 | pJ/Compute =    8.462 | L5[WIO] Q4 M8 C2 - L4[IO] Q2 P60 C4X M4X - L3[I] Q1 M4Y - L2[W] C2 S3 R3 - L1[O] Q1 C4Y - L0[W] Q10 
[  3] Utilization = 1.00 | pJ/Compute =    8.423 | L5[WIO] Q5 P10 M2 C2 - L4[IO] C8 M16X - L3[I] Q1 M4Y - L2[W] S3 R3 - L1[O] Q1 C4Y - L0[W] Q16 P6 
[  4] Utilization = 1.00 | pJ/Compute =    8.423 | L5[WIO] Q5 P10 M2 C4 - L4[IO] Q1 M16X - L3[I] Q1 M4Y - L2[W] R3 S3 C4 - L1[O] Q1 C4Y - L0[W] Q16 P6 
[  2] STATEMENT: 2000 suboptimal mappings found since the last upgrade, terminating search.
[  4] Utilization = 1.00 | pJ/Compute =    8.350 | L5[WIO] Q4 P6 M2 C2 - L4[IO] Q4 P10 C8X M2X - L3[I] Q1 M4Y - L2[W] R3 S3 - L1[O] M8 C4Y - L0[W] Q5 
[  0] Utilization = 1.00 | pJ/Compute =    6.714 | L5[WIO] Q20 P3 - L4[IO] P5 C4X M4X - L3[I] Q1 M4Y - L2[W] C4 R3 S3 - L1[O] M8 C4Y - L0[W] Q4 P4 
[  0] Utilization = 1.00 | pJ/Compute =    6.661 | L5[WIO] P3 Q20 - L4[IO] P5 C4X M4X - L3[I] Q1 M4Y - L2[W] C4 R3 S3 - L1[O] M8 C4Y - L0[W] Q4 P4 
[  6] STATEMENT: 2000 suboptimal mappings found since the last upgrade, terminating search.
[  1] Utilization = 1.00 | pJ/Compute =    7.724 | L5[WIO] P4 Q5 C4 - L4[IO] Q2 P15 C4X M4X - L3[I] Q1 M4Y - L2[W] S3 R3 - L1[O] M8 C4Y - L0[W] Q8 
[  7] STATEMENT: 2000 suboptimal mappings found since the last upgrade, terminating search.
[  3] STATEMENT: 2000 suboptimal mappings found since the last upgrade, terminating search.
[  5] STATEMENT: 2000 suboptimal mappings found since the last upgrade, terminating search.
[  4] Utilization = 1.00 | pJ/Compute =    7.647 | L5[WIO] P3 Q10 C2 - L4[IO] P5 Q2 C2X M8X - L3[I] Q1 M4Y - L2[W] R3 S3 C4 - L1[O] M4 C4Y - L0[W] Q4 P4 
[  4] Utilization = 1.00 | pJ/Compute =    7.625 | L5[WIO] P3 Q10 C2 - L4[IO] Q2 P5 C2X M8X - L3[I] Q1 M4Y - L2[W] S3 R3 C4 - L1[O] M4 C4Y - L0[W] Q4 P4 
[  4] Utilization = 1.00 | pJ/Compute =    7.487 | L5[WIO] Q10 M2 C2 - L4[IO] Q8 P6 C8X M2X - L3[I] Q1 M4Y - L2[W] R3 S3 - L1[O] M8 C4Y - L0[W] P10 
[  4] Utilization = 1.00 | pJ/Compute =    7.380 | L5[WIO] Q10 M2 C2 - L4[IO] P6 Q8 C8X M2X - L3[I] Q1 M4Y - L2[W] S3 R3 - L1[O] M8 C4Y - L0[W] P10 
[  0] STATEMENT: 2000 suboptimal mappings found since the last upgrade, terminating search.
[  1] STATEMENT: 2000 suboptimal mappings found since the last upgrade, terminating search.
[  4] STATEMENT: 2000 suboptimal mappings found since the last upgrade, terminating search.
