[  1] Utilization = 1.00 | pJ/Compute =   29.878 | L4[WIO] C4 - L3[] Q1 M16Y C16X - L2[W] M4 S3 R3 - L1[W] Q80 P60 - L0[O] Q1 
[  4] Utilization = 1.00 | pJ/Compute =   29.878 | L4[WIO] Q1 - L3[] M2 M16Y C16X - L2[W] M2 C4 S3 R3 - L1[W] Q80 P60 - L0[O] Q1 
[  0] Utilization = 1.00 | pJ/Compute =   29.878 | L4[WIO] C2 - L3[] C2 M16Y C16X - L2[W] M4 S3 R3 - L1[W] Q80 P60 - L0[O] Q1 
[  7] Utilization = 1.00 | pJ/Compute =   29.878 | L4[WIO] Q1 - L3[] M2 C4 M16Y C16X - L2[W] M2 S3 R3 - L1[W] Q80 P60 - L0[O] Q1 
[  6] Utilization = 1.00 | pJ/Compute =   29.878 | L4[WIO] Q1 - L3[] M2 C2 M16Y C16X - L2[W] M2 C2 S3 R3 - L1[W] Q80 P60 - L0[O] Q1 
[  3] Utilization = 1.00 | pJ/Compute =   29.909 | L4[WIO] P2 M2 - L3[] C4 Q2 P2 M16Y C16X - L2[W] M2 S3 R3 Q10 P5 - L1[W] P3 Q4 - L0[O] Q1 
[  5] Utilization = 1.00 | pJ/Compute =   29.909 | L4[WIO] C2 P2 M2 - L3[] P2 Q2 M16Y C16X - L2[W] M2 C2 S3 R3 Q10 P5 - L1[W] P3 Q4 - L0[O] Q1 
[  2] Utilization = 1.00 | pJ/Compute =   30.071 | L4[WIO] M2 P2 - L3[] P2 Q2 C2 M16Y C16X - L2[W] M2 C2 S3 R3 Q10 P5 - L1[W] P3 Q4 - L0[O] Q1 
[  2] Utilization = 1.00 | pJ/Compute =   29.919 | L4[WIO] M2 P2 - L3[W] P2 Q2 C2 M16Y C16X - L2[W] M2 C2 S3 R3 Q10 P5 - L1[W] P3 Q4 - L0[O] Q1 
[  1] Utilization = 1.00 | pJ/Compute =   24.002 | L4[WIO] P5 Q5 - L3[I] M4 C4 M16Y C16X - L2[W] S3 R3 Q4 P6 - L1[W] Q4 P2 - L0[O] Q1 
[  1] Utilization = 0.97 | pJ/Compute =   17.318 | L4[WIO] P5 Q5 - L3[O] M4 C4 M16Y C16X - L2[W] S3 R3 Q4 P6 - L1[W] Q4 P2 - L0[O] Q1 
[  1] Utilization = 0.95 | pJ/Compute =   16.778 | L4[WIO] P5 Q5 - L3[WO] M4 C4 M16Y C16X - L2[W] S3 R3 Q4 P6 - L1[W] Q4 P2 - L0[O] Q1 
[  4] Utilization = 1.00 | pJ/Compute =   23.994 | L4[WIO] C2 Q5 P5 - L3[I] M4 C2 M16Y C16X - L2[W] S3 R3 Q4 P6 - L1[W] Q4 P2 - L0[O] Q1 
[  4] Utilization = 0.95 | pJ/Compute =   17.795 | L4[WIO] C2 Q5 P5 - L3[O] M4 C2 M16Y C16X - L2[W] S3 R3 Q4 P6 - L1[W] Q4 P2 - L0[O] Q1 
[  4] Utilization = 0.94 | pJ/Compute =   17.255 | L4[WIO] C2 Q5 P5 - L3[WO] M4 C2 M16Y C16X - L2[W] S3 R3 Q4 P6 - L1[W] Q4 P2 - L0[O] Q1 
[  7] Utilization = 1.00 | pJ/Compute =   23.581 | L4[WIO] C4 M2 P2 - L3[I] P2 Q2 M16Y C16X - L2[W] M2 S3 R3 Q10 P5 - L1[W] Q4 P3 - L0[O] Q1 
[  7] Utilization = 1.00 | pJ/Compute =   23.346 | L4[WIO] C4 P2 M2 - L3[I] Q2 P2 M16Y C16X - L2[W] M2 S3 R3 Q10 P5 - L1[W] Q4 P3 - L0[O] Q1 
[  2] Utilization = 1.00 | pJ/Compute =   29.909 | L4[WIO] P2 M2 - L3[] C2 Q2 P2 M16Y C16X - L2[W] C2 M2 S3 R3 Q10 P5 - L1[W] P3 Q4 - L0[O] Q1 
[  4] Utilization = 0.97 | pJ/Compute =   17.318 | L4[WIO] Q5 P5 C2 - L3[O] M4 C2 M16Y C16X - L2[W] S3 R3 Q4 P6 - L1[W] Q4 P2 - L0[O] Q1 
[  5] Utilization = 1.00 | pJ/Compute =   29.882 | L4[WIO] M2 C2 P2 - L3[] Q2 P2 M16Y C16X - L2[W] C2 M2 S3 R3 Q10 P5 - L1[W] P3 Q4 - L0[O] Q1 
[  2] Utilization = 1.00 | pJ/Compute =   29.903 | L4[WIO] M2 P2 - L3[W] Q2 C2 P2 M16Y C16X - L2[W] C2 M2 S3 R3 Q10 P5 - L1[W] P3 Q4 - L0[O] Q1 
[  3] Utilization = 1.00 | pJ/Compute =   29.903 | L4[WIO] M2 P2 - L3[W] P2 C4 Q2 M16Y C16X - L2[W] M2 S3 R3 Q10 P5 - L1[W] Q4 P3 - L0[O] Q1 
[  3] Utilization = 1.00 | pJ/Compute =   29.894 | L4[WIO] M2 P2 - L3[W] C4 Q2 P2 M16Y C16X - L2[W] M2 S3 R3 Q10 P5 - L1[W] Q4 P3 - L0[O] Q1 
[  0] Utilization = 1.00 | pJ/Compute =   24.002 | L4[WIO] P5 Q5 - L3[I] M4 C2 M16Y C16X - L2[W] C2 S3 R3 Q4 P6 - L1[W] Q4 P2 - L0[O] Q1 
[  0] Utilization = 0.97 | pJ/Compute =   17.318 | L4[WIO] P5 Q5 - L3[O] M4 C2 M16Y C16X - L2[W] C2 S3 R3 Q4 P6 - L1[W] Q4 P2 - L0[O] Q1 
[  0] Utilization = 0.95 | pJ/Compute =   16.778 | L4[WIO] P5 Q5 - L3[WO] M4 C2 M16Y C16X - L2[W] C2 S3 R3 Q4 P6 - L1[W] Q4 P2 - L0[O] Q1 
[  4] Utilization = 0.97 | pJ/Compute =   17.223 | L4[WIO] P20 M4 - L3[O] Q5 M16Y C16X - L2[W] C4 S3 R3 P3 - L1[W] Q16 - L0[O] Q1 
[  4] Utilization = 0.97 | pJ/Compute =   16.710 | L4[WIO] M4 P20 - L3[O] Q5 M16Y C16X - L2[W] C4 S3 R3 P3 - L1[W] Q16 - L0[O] Q1 
[  3] Utilization = 1.00 | pJ/Compute =   24.032 | L4[WIO] Q5 P5 C2 - L3[I] M4 M16Y C16X - L2[W] C2 S3 R3 Q4 P6 - L1[W] Q4 P2 - L0[O] Q1 
[  7] Utilization = 0.90 | pJ/Compute =   18.179 | L4[WIO] M2 Q2 C4 P3 - L3[O] P2 Q10 M16Y C16X - L2[W] M2 S3 R3 Q2 P10 - L1[W] Q2 - L0[O] Q1 
[  3] Utilization = 0.97 | pJ/Compute =   17.318 | L4[WIO] Q5 P5 C2 - L3[O] M4 M16Y C16X - L2[W] C2 S3 R3 Q4 P6 - L1[W] Q4 P2 - L0[O] Q1 
[  7] Utilization = 0.90 | pJ/Compute =   18.152 | L4[WIO] C4 M2 Q2 P3 - L3[O] Q10 P2 M16Y C16X - L2[W] M2 S3 R3 Q2 P10 - L1[W] Q2 - L0[O] Q1 
[  2] Utilization = 1.00 | pJ/Compute =   29.894 | L4[WIO] M2 P2 - L3[W] C2 Q2 P2 M16Y C16X - L2[W] C2 M2 S3 R3 Q10 P5 - L1[W] Q4 P3 - L0[O] Q1 
[  7] Utilization = 0.97 | pJ/Compute =   16.856 | L4[WIO] M2 P3 Q2 C4 - L3[O] Q10 P2 M16Y C16X - L2[W] M2 S3 R3 Q2 P10 - L1[W] Q2 - L0[O] Q1 
[  0] Utilization = 0.97 | pJ/Compute =   16.748 | L4[WIO] Q2 M2 P3 - L3[O] P2 Q10 M16Y C16X - L2[W] C4 M2 S3 R3 Q2 P10 - L1[W] Q2 - L0[O] Q1 
[  5] Utilization = 1.00 | pJ/Compute =   24.032 | L4[WIO] Q5 P5 C4 - L3[I] M4 M16Y C16X - L2[W] S3 R3 Q4 P6 - L1[W] Q4 P2 - L0[O] Q1 
[  5] Utilization = 0.97 | pJ/Compute =   17.318 | L4[WIO] Q5 P5 C4 - L3[O] M4 M16Y C16X - L2[W] S3 R3 Q4 P6 - L1[W] Q4 P2 - L0[O] Q1 
[  0] Utilization = 0.97 | pJ/Compute =   16.721 | L4[WIO] M2 Q2 P3 - L3[O] Q10 P2 M16Y C16X - L2[W] M2 C4 S3 R3 Q2 P10 - L1[W] Q2 - L0[O] Q1 
[  1] Utilization = 0.97 | pJ/Compute =   17.223 | L4[WIO] P20 M2 C4 - L3[O] M2 Q5 M16Y C16X - L2[W] S3 R3 P3 - L1[W] Q16 - L0[O] Q1 
[  1] Utilization = 0.97 | pJ/Compute =   16.714 | L4[WIO] M2 P3 - L3[O] M2 C4 P2 M16Y C16X - L2[W] S3 R3 Q5 P5 - L1[W] P2 Q16 - L0[O] Q1 
[  3] Utilization = 0.97 | pJ/Compute =   17.018 | L4[WIO] M2 Q2 P3 - L3[O] P2 C4 Q10 M16Y C16X - L2[W] M2 S3 R3 Q2 P10 - L1[W] Q2 - L0[O] Q1 
[  3] Utilization = 0.97 | pJ/Compute =   16.774 | L4[WIO] M2 Q2 P3 - L3[WO] P2 C4 Q10 M16Y C16X - L2[W] M2 S3 R3 Q2 P10 - L1[W] Q2 - L0[O] Q1 
[  3] Utilization = 0.97 | pJ/Compute =   16.749 | L4[WIO] M2 P3 Q2 - L3[WO] C4 P2 Q10 M16Y C16X - L2[W] M2 S3 R3 Q2 P10 - L1[W] Q2 - L0[O] Q1 
[  5] Utilization = 0.97 | pJ/Compute =   16.856 | L4[WIO] P3 M2 Q2 C2 - L3[O] Q10 P2 M16Y C16X - L2[W] C2 M2 S3 R3 Q2 P10 - L1[W] Q2 - L0[O] Q1 
[  6] Utilization = 1.00 | pJ/Compute =   23.692 | L4[WIO] C2 Q2 P3 M2 - L3[I] P2 C2 Q10 M16Y C16X - L2[W] M2 S3 R3 Q2 P10 - L1[W] Q2 - L0[O] Q1 
[  6] Utilization = 0.95 | pJ/Compute =   17.495 | L4[WIO] C2 Q2 P3 M2 - L3[O] P2 C2 Q10 M16Y C16X - L2[W] M2 S3 R3 Q2 P10 - L1[W] Q2 - L0[O] Q1 
[  6] Utilization = 0.97 | pJ/Compute =   16.856 | L4[WIO] M2 P3 Q2 C2 - L3[O] C2 P2 Q10 M16Y C16X - L2[W] M2 S3 R3 Q2 P10 - L1[W] Q2 - L0[O] Q1 
[  2] Utilization = 1.00 | pJ/Compute =   26.866 | L4[WIO] Q2 M2 P3 - L3[I] P2 Q10 C2 M16Y C16X - L2[W] M2 C2 S3 R3 Q2 P10 - L1[W] Q2 - L0[O] Q1 
[  2] Utilization = 0.97 | pJ/Compute =   19.933 | L4[WIO] Q2 M2 P3 - L3[O] P2 Q10 C2 M16Y C16X - L2[W] M2 C2 S3 R3 Q2 P10 - L1[W] Q2 - L0[O] Q1 
[  2] Utilization = 0.97 | pJ/Compute =   16.856 | L4[WIO] Q2 M2 P3 - L3[O] C2 P2 Q10 M16Y C16X - L2[W] M2 C2 S3 R3 Q2 P10 - L1[W] Q2 - L0[O] Q1 
[  4] Utilization = 0.97 | pJ/Compute =   16.669 | L4[WIO] M4 P4 Q2 - L3[O] P3 M16Y C16X - L2[W] C4 S3 R3 Q10 - L1[W] P5 Q4 - L0[O] Q1 
[  0] Utilization = 0.97 | pJ/Compute =   16.714 | L4[WIO] P3 M2 - L3[O] C2 M2 P2 M16Y C16X - L2[W] C2 S3 R3 Q5 P5 - L1[W] P2 Q16 - L0[O] Q1 
[  5] Utilization = 0.97 | pJ/Compute =   16.714 | L4[WIO] P3 M2 C4 - L3[O] M2 P2 M16Y C16X - L2[W] S3 R3 Q5 P5 - L1[W] P2 Q16 - L0[O] Q1 
[  7] Utilization = 0.97 | pJ/Compute =   16.707 | L4[WIO] M4 Q2 P4 - L3[WO] C4 P3 M16Y C16X - L2[W] S3 R3 Q10 - L1[W] P5 Q4 - L0[O] Q1 
[  3] Utilization = 0.97 | pJ/Compute =   16.795 | L4[WIO] P3 M2 C2 - L3[O] P2 M2 M16Y C16X - L2[W] C2 S3 R3 Q5 P5 - L1[W] P2 Q16 - L0[O] Q1 
[  3] Utilization = 0.97 | pJ/Compute =   16.714 | L4[WIO] P3 M2 C2 - L3[O] M2 P2 M16Y C16X - L2[W] C2 S3 R3 Q5 P5 - L1[W] P2 Q16 - L0[O] Q1 
[  2] Utilization = 0.97 | pJ/Compute =   16.749 | L4[WIO] M2 P3 Q2 - L3[WO] C2 P2 Q10 M16Y C16X - L2[W] C2 M2 S3 R3 Q2 P10 - L1[W] Q2 - L0[O] Q1 
[  7] Utilization = 0.97 | pJ/Compute =   16.716 | L4[WIO] Q2 M4 C4 - L3[O] P3 Q10 M16Y C16X - L2[W] S3 R3 Q2 P20 - L1[W] Q2 - L0[O] Q1 
[  2] Utilization = 0.97 | pJ/Compute =   16.780 | L4[WIO] Q4 M4 C2 - L3[O] C2 Q10 P2 M16Y C16X - L2[W] S3 R3 P3 - L1[W] Q2 P10 - L0[O] Q1 
[  6] Utilization = 0.97 | pJ/Compute =   16.707 | L4[WIO] M4 Q2 P4 - L3[WO] C2 P3 M16Y C16X - L2[W] C2 S3 R3 Q10 - L1[W] P5 Q4 - L0[O] Q1 
[  2] Utilization = 0.97 | pJ/Compute =   16.716 | L4[WIO] Q2 M4 - L3[O] C2 P3 Q10 M16Y C16X - L2[W] C2 S3 R3 Q2 P20 - L1[W] Q2 - L0[O] Q1 
[  7] Utilization = 0.97 | pJ/Compute =   16.694 | L4[WIO] Q2 M4 - L3[O] C4 Q2 P5 M16Y C16X - L2[W] S3 R3 Q5 - L1[W] Q4 P12 - L0[O] Q1 
[  2] Utilization = 0.97 | pJ/Compute =   16.669 | L4[WIO] P12 - L3[O] Q2 M16Y C16X - L2[W] C4 M4 S3 R3 Q2 P5 - L1[W] Q20 - L0[O] Q1 
[  0] Utilization = 0.97 | pJ/Compute =   16.689 | L4[WIO] M4 Q2 - L3[O] Q10 P3 M16Y C16X - L2[W] C4 S3 R3 Q2 P20 - L1[W] Q2 - L0[O] Q1 
[  6] Utilization = 0.97 | pJ/Compute =   16.716 | L4[WIO] Q2 M4 C2 - L3[O] C2 Q10 P3 M16Y C16X - L2[W] S3 R3 Q2 P20 - L1[W] Q2 - L0[O] Q1 
[  6] Utilization = 0.97 | pJ/Compute =   16.661 | L4[WIO] Q2 P4 - L3[O] Q1 M16Y C16X - L2[W] C4 M4 S3 R3 Q10 P5 - L1[W] Q4 P3 - L0[O] Q1 
[  7] Utilization = 0.97 | pJ/Compute =   16.687 | L4[WIO] M4 Q2 C4 - L3[O] P3 M16Y C16X - L2[W] S3 R3 Q5 - L1[W] P20 Q8 - L0[O] Q1 
[  4] Utilization = 0.97 | pJ/Compute =   16.667 | L4[WIO] M4 Q2 - L3[O] Q2 P5 M16Y C16X - L2[W] C4 S3 R3 Q5 - L1[W] Q4 P12 - L0[O] Q1 
[  5] Utilization = 0.97 | pJ/Compute =   16.687 | L4[WIO] Q2 M4 C2 - L3[O] P3 M16Y C16X - L2[W] C2 S3 R3 Q5 - L1[W] Q8 P20 - L0[O] Q1 
[  6] Utilization = 0.97 | pJ/Compute =   16.659 | L4[WIO] Q5 - L3[O] Q1 M16Y C16X - L2[W] C4 M4 S3 R3 P12 - L1[W] Q16 P5 - L0[O] Q1 
[  3] Utilization = 0.97 | pJ/Compute =   16.687 | L4[WIO] M4 Q2 - L3[O] C4 P3 M16Y C16X - L2[W] S3 R3 Q5 - L1[W] Q8 P20 - L0[O] Q1 
[  0] Utilization = 0.97 | pJ/Compute =   16.687 | L4[WIO] Q2 M4 - L3[O] P3 M16Y C16X - L2[W] C4 S3 R3 Q5 - L1[W] Q8 P20 - L0[O] Q1 
[  0] Utilization = 0.97 | pJ/Compute =   16.660 | L4[WIO] M4 Q2 - L3[O] P3 M16Y C16X - L2[W] C4 S3 R3 Q5 - L1[W] Q8 P20 - L0[O] Q1 
[  1] Utilization = 0.97 | pJ/Compute =   16.688 | L4[WIO] P2 M4 C2 - L3[O] Q4 M16Y C16X - L2[W] C2 S3 R3 Q2 P3 - L1[W] P10 Q10 - L0[O] Q1 
[  2] Utilization = 0.97 | pJ/Compute =   16.659 | L4[WIO] P5 - L3[O] Q1 M16Y C16X - L2[W] C4 M4 S3 R3 Q40 P2 - L1[W] P6 Q2 - L0[O] Q1 
[  1] Utilization = 1.00 | pJ/Compute =   10.877 | L4[WIO] C4 Q16 P30 - L3[I] P2 Q5 M16Y C16X - L2[W] M4 S3 R3 - L1[W] Q1 - L0[O] Q1 
[  4] Utilization = 0.97 | pJ/Compute =   16.659 | L4[WIO] M2 Q4 - L3[O] Q1 M16Y C16X - L2[W] C4 M2 S3 R3 Q10 P12 - L1[W] Q2 P5 - L0[O] Q1 
[  3] Utilization = 0.97 | pJ/Compute =   16.686 | L4[WIO] Q2 M4 - L3[O] C4 P2 M16Y C16X - L2[W] S3 R3 Q5 P6 - L1[W] Q8 P5 - L0[O] Q1 
[  7] Utilization = 0.97 | pJ/Compute =   16.686 | L4[WIO] M4 Q2 C4 - L3[O] P2 M16Y C16X - L2[W] S3 R3 Q5 P6 - L1[W] P5 Q8 - L0[O] Q1 
[  7] Utilization = 1.00 | pJ/Compute =   13.224 | L4[WIO] Q10 P12 C2 - L3[I] M4 Q8 P5 M16Y C16X - L2[W] C2 S3 R3 - L1[W] Q1 - L0[O] Q1 
[  7] Utilization = 1.00 | pJ/Compute =   13.107 | L4[WIO] C2 Q10 P12 - L3[I] M4 P5 Q8 M16Y C16X - L2[W] C2 S3 R3 - L1[W] Q1 - L0[O] Q1 
[  5] Utilization = 0.97 | pJ/Compute =   16.686 | L4[WIO] M4 Q2 C2 - L3[O] P2 M16Y C16X - L2[W] C2 S3 R3 Q5 P6 - L1[W] P5 Q8 - L0[O] Q1 
[  5] Utilization = 1.00 | pJ/Compute =   14.086 | L4[WIO] P12 Q10 - L3[I] C4 M4 P5 Q8 M16Y C16X - L2[W] S3 R3 - L1[W] Q1 - L0[O] Q1 
[  4] Utilization = 1.00 | pJ/Compute =   16.913 | L4[WIO] Q10 P12 - L3[W] M4 C2 Q8 P5 M16Y C16X - L2[W] C2 S3 R3 - L1[W] Q1 - L0[O] Q1 
[  4] Utilization = 1.00 | pJ/Compute =   13.107 | L4[WIO] Q10 P12 - L3[I] M4 C2 Q8 P5 M16Y C16X - L2[W] C2 S3 R3 - L1[W] Q1 - L0[O] Q1 
[  0] Utilization = 0.97 | pJ/Compute =   16.659 | L4[WIO] M4 Q2 - L3[O] P2 M16Y C16X - L2[W] C4 S3 R3 Q5 P6 - L1[W] P5 Q8 - L0[O] Q1 
[  2] Utilization = 1.00 | pJ/Compute =   16.442 | L4[WIO] P12 Q10 - L3[W] M4 P5 Q8 M16Y C16X - L2[W] C4 S3 R3 - L1[W] Q1 - L0[O] Q1 
[  2] Utilization = 1.00 | pJ/Compute =   12.672 | L4[WIO] P12 Q10 - L3[I] M4 P5 Q8 M16Y C16X - L2[W] C4 S3 R3 - L1[W] Q1 - L0[O] Q1 
[  2] Utilization = 1.00 | pJ/Compute =   12.635 | L4[WIO] Q10 P12 - L3[I] M4 P5 Q8 M16Y C16X - L2[W] C4 S3 R3 - L1[W] Q1 - L0[O] Q1 
[  6] STATEMENT: 3000 suboptimal mappings found since the last upgrade, terminating search.
[  1] STATEMENT: 3000 suboptimal mappings found since the last upgrade, terminating search.
[  3] STATEMENT: 3000 suboptimal mappings found since the last upgrade, terminating search.
[  7] STATEMENT: 3000 suboptimal mappings found since the last upgrade, terminating search.
[  5] STATEMENT: 3000 suboptimal mappings found since the last upgrade, terminating search.
[  4] STATEMENT: 3000 suboptimal mappings found since the last upgrade, terminating search.
[  0] STATEMENT: 3000 suboptimal mappings found since the last upgrade, terminating search.
[  2] STATEMENT: 3000 suboptimal mappings found since the last upgrade, terminating search.
