[  1] Utilization = 0.19 | pJ/Compute =   23.832 | L5[WIO] Q80 - L4[IO] P60 M8X - L3[] Q1 M2Y R3Y - L2[I] Q1 - L1[W] S3 - L0[O] M4 
[  4] Utilization = 0.05 | pJ/Compute =   23.826 | L5[WIO] Q80 - L4[IO] P60 - L3[] Q1 M4Y R3Y - L2[I] Q1 - L1[W] S3 - L0[O] M16 
[  0] Utilization = 0.09 | pJ/Compute =   23.816 | L5[WIO] Q80 - L4[IO] P60 M8X - L3[] Q1 R3Y - L2[I] Q1 - L1[W] S3 - L0[O] M8 
[  6] Utilization = 0.02 | pJ/Compute =   26.063 | L5[WIO] Q80 - L4[IO] M2 P60 - L3[] Q1 M2Y R3Y - L2[I] Q1 - L1[W] S3 - L0[O] M16 
[  3] Utilization = 0.09 | pJ/Compute =   26.834 | L5[WIO] Q80 M4 - L4[IO] P60 M4X - L3[] Q1 M2Y R3Y - L2[I] Q1 - L1[W] S3 - L0[O] M2 
[  7] Utilization = 0.19 | pJ/Compute =   26.876 | L5[WIO] Q80 M4 - L4[IO] P60 M8X - L3[] Q1 M2Y R3Y - L2[I] Q1 - L1[W] S3 - L0[O] Q1 
[  2] Utilization = 0.28 | pJ/Compute =   23.864 | L5[WIO] Q80 - L4[IO] P60 M8X - L3[] Q1 M4Y R3Y - L2[I] Q1 - L1[W] S3 - L0[O] M2 
[  5] Utilization = 0.19 | pJ/Compute =   26.856 | L5[WIO] Q80 M4 - L4[IO] P60 M16X - L3[] Q1 R3Y - L2[I] Q1 - L1[W] S3 - L0[O] Q1 
[  6] Utilization = 0.09 | pJ/Compute =   26.813 | L5[WIO] Q80 M4 - L4[IO] P60 M8X - L3[] Q1 R3Y - L2[I] Q1 - L1[W] S3 - L0[O] M2 
[  4] Utilization = 0.19 | pJ/Compute =   26.918 | L5[WIO] Q80 M4 - L4[IO] P60 M4X - L3[] Q1 M4Y R3Y - L2[I] Q1 - L1[W] S3 - L0[O] Q1 
[  6] Utilization = 0.28 | pJ/Compute =   26.143 | L5[WIO] Q80 - L4[IO] M2 P60 M16X - L3[] Q1 M2Y R3Y - L2[I] Q1 - L1[W] S3 - L0[O] Q1 
[  5] Utilization = 0.19 | pJ/Compute =   26.090 | L5[WIO] Q80 - L4[IO] M2 P60 M16X - L3[] Q1 R3Y - L2[I] Q1 - L1[W] S3 - L0[O] M2 
[  3] Utilization = 0.19 | pJ/Compute =   26.121 | L5[WIO] Q80 - L4[IO] M2 P60 M4X - L3[] Q1 M4Y R3Y - L2[I] Q1 - L1[W] S3 - L0[O] M2 
[  5] Utilization = 0.19 | pJ/Compute =   23.827 | L5[WIO] Q80 - L4[IO] P60 M16X - L3[] Q1 R3Y - L2[I] Q1 - L1[W] S3 - L0[O] M4 
[  6] Utilization = 0.28 | pJ/Compute =   23.854 | L5[WIO] Q80 - L4[IO] P60 M16X - L3[] Q1 M2Y R3Y - L2[I] Q1 - L1[W] S3 - L0[O] M2 
[  0] Utilization = 0.19 | pJ/Compute =   26.876 | L5[WIO] Q80 M2 - L4[IO] M2 P60 M8X - L3[] Q1 M2Y R3Y - L2[I] Q1 - L1[W] S3 - L0[O] Q1 
[  7] Utilization = 0.28 | pJ/Compute =   23.907 | L5[WIO] Q80 - L4[IO] P60 M16X - L3[] Q1 M4Y R3Y - L2[I] Q1 - L1[W] S3 - L0[O] Q1 
[  0] Utilization = 0.19 | pJ/Compute =   26.398 | L5[WIO] Q80 - L4[IO] M4 P60 M4X - L3[] Q1 M4Y R3Y - L2[I] Q1 - L1[W] S3 - L0[O] Q1 
[  1] Utilization = 0.28 | pJ/Compute =   26.164 | L5[WIO] Q80 - L4[IO] M2 P60 M8X - L3[] Q1 M4Y R3Y - L2[I] Q1 - L1[W] S3 - L0[O] Q1 
[  0] Utilization = 0.19 | pJ/Compute =   26.100 | L5[WIO] Q80 - L4[IO] M2 P60 M8X - L3[] Q1 M2Y R3Y - L2[I] Q1 - L1[W] S3 - L0[O] M2 
[  6] STATEMENT: 3000 suboptimal mappings found since the last upgrade, terminating search.
[  7] STATEMENT: 3000 suboptimal mappings found since the last upgrade, terminating search.
[  2] STATEMENT: 3000 suboptimal mappings found since the last upgrade, terminating search.
[  3] STATEMENT: 3000 suboptimal mappings found since the last upgrade, terminating search.
[  1] STATEMENT: 3000 suboptimal mappings found since the last upgrade, terminating search.
[  4] STATEMENT: 3000 suboptimal mappings found since the last upgrade, terminating search.
[  0] STATEMENT: 3000 suboptimal mappings found since the last upgrade, terminating search.
[  5] STATEMENT: 3000 suboptimal mappings found since the last upgrade, terminating search.
