[  7] Utilization = 1.00 | pJ/Compute =   23.293 | L4[WIO] C8 P2 - L3[I] P30 Q2 M16Y C16X - L2[W] M16 S3 R3 Q10 - L1[W] Q4 - L0[O] Q1 
[  3] Utilization = 1.00 | pJ/Compute =   23.919 | L4[WIO] P5 Q5 C2 - L3[I] C4 P2 M16Y C16X - L2[W] M16 S3 R3 Q4 P3 - L1[W] P2 Q4 - L0[O] Q1 
[  6] Utilization = 1.00 | pJ/Compute =   23.919 | L4[WIO] P5 Q5 C4 - L3[I] C2 P2 M16Y C16X - L2[W] M16 S3 R3 Q4 P3 - L1[W] P2 Q4 - L0[O] Q1 
[  2] Utilization = 1.00 | pJ/Compute =   26.264 | L4[WIO] M4 P20 - L3[I] M2 Q5 C2 P3 M16Y C16X - L2[W] M2 C4 S3 R3 - L1[W] Q16 - L0[O] Q1 
[  5] Utilization = 1.00 | pJ/Compute =   31.663 | L4[WIO] M4 P20 - L3[I] Q5 M2 P3 C8 M16Y C16X - L2[W] M2 S3 R3 - L1[W] Q16 - L0[O] Q1 
[  0] Utilization = 1.00 | pJ/Compute =   39.764 | L4[WIO] P12 Q10 C2 M2 - L3[I] P5 M2 M16Y C16X - L2[W] C4 M4 S3 R3 - L1[W] Q8 - L0[O] Q1 
[  1] Utilization = 1.00 | pJ/Compute =   25.601 | L4[WIO] P10 Q4 M8 - L3[I] P2 C8 Q5 M16Y C16X - L2[W] M2 S3 R3 Q2 P3 - L1[W] Q2 - L0[O] Q1 
[  2] Utilization = 1.00 | pJ/Compute =   23.943 | L4[WIO] P20 M4 - L3[I] M2 C2 Q5 P3 M16Y C16X - L2[W] C4 M2 S3 R3 - L1[W] Q16 - L0[O] Q1 
[  0] Utilization = 1.00 | pJ/Compute =   26.877 | L4[WIO] M2 C2 P12 Q10 - L3[I] M2 P5 M16Y C16X - L2[W] M4 C4 S3 R3 - L1[W] Q8 - L0[O] Q1 
[  4] Utilization = 1.00 | pJ/Compute =   29.889 | L4[WIO] M2 P3 Q2 C2 - L3[I] P4 Q10 M2 M16Y C16X - L2[W] M4 C4 S3 R3 Q2 - L1[W] Q2 P5 - L0[O] Q1 
[  5] Utilization = 1.00 | pJ/Compute =   26.103 | L4[WIO] P20 M4 - L3[I] Q5 M2 C8 P3 M16Y C16X - L2[W] M2 S3 R3 - L1[W] Q16 - L0[O] Q1 
[  0] Utilization = 1.00 | pJ/Compute =   26.805 | L4[WIO] C2 Q10 P12 M2 - L3[I] M2 P5 M16Y C16X - L2[W] M4 C4 S3 R3 - L1[W] Q8 - L0[O] Q1 
[  7] Utilization = 1.00 | pJ/Compute =   23.264 | L4[WIO] C8 P5 Q5 - L3[I] P2 M16Y C16X - L2[W] M16 S3 R3 Q4 P3 - L1[W] P2 Q4 - L0[O] Q1 
[  1] Utilization = 1.00 | pJ/Compute =   25.007 | L4[WIO] M8 Q4 P10 - L3[I] C8 Q5 P2 M16Y C16X - L2[W] M2 S3 R3 Q2 P3 - L1[W] Q2 - L0[O] Q1 
[  6] Utilization = 1.00 | pJ/Compute =   23.910 | L4[WIO] Q5 C4 P5 - L3[I] C2 P2 M16Y C16X - L2[W] M16 S3 R3 Q4 P3 - L1[W] Q4 P2 - L0[O] Q1 
[  3] Utilization = 1.00 | pJ/Compute =   23.910 | L4[WIO] Q5 C2 P5 - L3[I] C4 P2 M16Y C16X - L2[W] M16 S3 R3 Q4 P3 - L1[W] Q4 P2 - L0[O] Q1 
[  5] Utilization = 1.00 | pJ/Compute =   25.023 | L4[WIO] P20 M4 - L3[I] P3 C8 M2 Q5 M16Y C16X - L2[W] M2 S3 R3 - L1[W] Q16 - L0[O] Q1 
[  4] Utilization = 1.00 | pJ/Compute =   29.885 | L4[WIO] C2 M2 P3 Q2 - L3[I] Q10 P4 M2 M16Y C16X - L2[W] C4 M4 S3 R3 Q2 - L1[W] Q2 P5 - L0[O] Q1 
[  5] Utilization = 1.00 | pJ/Compute =   24.104 | L4[WIO] M4 P20 - L3[I] C8 M2 P3 Q5 M16Y C16X - L2[W] M2 S3 R3 - L1[W] Q16 - L0[O] Q1 
[  4] Utilization = 1.00 | pJ/Compute =   25.020 | L4[WIO] C2 M2 Q2 P3 - L3[I] Q10 M2 P4 M16Y C16X - L2[W] C4 M4 S3 R3 Q2 - L1[W] P5 Q2 - L0[O] Q1 
[  5] Utilization = 1.00 | pJ/Compute =   23.943 | L4[WIO] P20 M4 - L3[I] M2 C8 P3 Q5 M16Y C16X - L2[W] M2 S3 R3 - L1[W] Q16 - L0[O] Q1 
[  5] Utilization = 1.00 | pJ/Compute =   23.533 | L4[WIO] M4 C4 Q4 - L3[I] M2 Q10 M16Y C16X - L2[W] C2 M2 S3 R3 P12 - L1[W] Q2 P5 - L0[O] Q1 
[  4] Utilization = 1.00 | pJ/Compute =   23.571 | L4[WIO] Q2 P3 M2 C2 - L3[I] M2 Q10 P4 M16Y C16X - L2[W] M4 C4 S3 R3 Q2 - L1[W] Q2 P5 - L0[O] Q1 
[  0] Utilization = 1.00 | pJ/Compute =   24.170 | L4[WIO] P15 C2 Q2 - L3[I] M16 Q8 M16Y C16X - L2[W] C4 S3 R3 Q5 P4 - L1[W] Q1 - L0[O] Q1 
[  1] Utilization = 1.00 | pJ/Compute =   23.446 | L4[WIO] Q4 C4 P2 M4 - L3[I] M4 P5 M16Y C16X - L2[W] C2 S3 R3 Q20 P2 - L1[W] P3 - L0[O] Q1 
[  0] Utilization = 1.00 | pJ/Compute =   24.141 | L4[WIO] Q2 C2 P15 - L3[I] M16 Q8 M16Y C16X - L2[W] C4 S3 R3 Q5 P4 - L1[W] Q1 - L0[O] Q1 
[  4] Utilization = 1.00 | pJ/Compute =   23.562 | L4[WIO] Q2 C2 M2 P3 - L3[I] M2 P4 Q10 M16Y C16X - L2[W] M4 C4 S3 R3 Q2 - L1[W] Q2 P5 - L0[O] Q1 
[  6] Utilization = 1.00 | pJ/Compute =   23.498 | L4[WIO] Q2 C2 P3 M2 - L3[I] C2 M2 P4 Q10 M16Y C16X - L2[W] C2 M4 S3 R3 Q2 - L1[W] P5 Q2 - L0[O] Q1 
[  4] Utilization = 1.00 | pJ/Compute =   23.498 | L4[WIO] P3 C2 Q2 M2 - L3[I] M2 P4 Q10 M16Y C16X - L2[W] M4 C4 S3 R3 Q2 - L1[W] Q2 P5 - L0[O] Q1 
[  0] Utilization = 1.00 | pJ/Compute =   23.986 | L4[WIO] Q20 M8 - L3[I] M2 C4 P20 M16Y C16X - L2[W] C2 S3 R3 Q2 - L1[W] Q2 P3 - L0[O] Q1 
[  3] Utilization = 1.00 | pJ/Compute =   23.479 | L4[WIO] C8 P2 M4 - L3[I] P5 M4 M16Y C16X - L2[W] S3 R3 Q16 P6 - L1[W] Q5 - L0[O] Q1 
[  3] Utilization = 1.00 | pJ/Compute =   23.472 | L4[WIO] P2 M4 C8 - L3[I] M4 P5 M16Y C16X - L2[W] S3 R3 Q16 P6 - L1[W] Q5 - L0[O] Q1 
[  3] Utilization = 1.00 | pJ/Compute =   23.263 | L4[WIO] C8 P2 M4 - L3[I] M4 P5 M16Y C16X - L2[W] S3 R3 Q16 P6 - L1[W] Q5 - L0[O] Q1 
[  2] Utilization = 1.00 | pJ/Compute =   23.446 | L4[WIO] Q4 C4 P2 M4 - L3[I] C2 M4 P5 M16Y C16X - L2[W] S3 R3 Q20 P2 - L1[W] P3 - L0[O] Q1 
[  5] Utilization = 1.00 | pJ/Compute =   23.489 | L4[WIO] M4 C4 Q5 P2 - L3[I] P6 M16Y C16X - L2[W] M4 C2 S3 R3 Q4 - L1[W] Q4 P5 - L0[O] Q1 
[  0] Utilization = 1.00 | pJ/Compute =   23.499 | L4[WIO] C2 P2 M4 Q5 - L3[I] P6 M16Y C16X - L2[W] M4 C4 S3 R3 Q4 - L1[W] P5 Q4 - L0[O] Q1 
[  0] Utilization = 1.00 | pJ/Compute =   23.489 | L4[WIO] C2 M4 Q5 P2 - L3[I] P6 M16Y C16X - L2[W] C4 M4 S3 R3 Q4 - L1[W] Q4 P5 - L0[O] Q1 
[  0] Utilization = 1.00 | pJ/Compute =   23.472 | L4[WIO] C2 M4 P2 Q5 - L3[I] P6 M16Y C16X - L2[W] C4 M4 S3 R3 Q4 - L1[W] Q4 P5 - L0[O] Q1 
[  4] Utilization = 1.00 | pJ/Compute =   23.491 | L4[WIO] C2 M4 Q2 P5 - L3[I] Q10 M16Y C16X - L2[W] C4 M4 S3 R3 P12 - L1[W] Q4 - L0[O] Q1 
[  3] Utilization = 1.00 | pJ/Compute =   23.259 | L4[WIO] C8 Q2 - L3[I] M8 P3 M16Y C16X - L2[W] M2 S3 R3 Q5 P20 - L1[W] Q8 - L0[O] Q1 
[  6] Utilization = 1.00 | pJ/Compute =   23.336 | L4[WIO] Q4 C4 M4 - L3[I] C2 M2 Q10 M16Y C16X - L2[W] M2 S3 R3 P12 - L1[W] Q2 P5 - L0[O] Q1 
[  7] Utilization = 1.00 | pJ/Compute =   23.259 | L4[WIO] C8 P2 M2 - L3[I] M8 M16Y C16X - L2[W] S3 R3 Q10 P30 - L1[W] Q8 - L0[O] Q1 
[  5] Utilization = 1.00 | pJ/Compute =   23.484 | L4[WIO] M4 C4 P20 - L3[I] Q5 M16Y C16X - L2[W] M4 C2 S3 R3 Q4 P3 - L1[W] Q4 - L0[O] Q1 
[  4] Utilization = 1.00 | pJ/Compute =   23.487 | L4[WIO] Q2 P5 C2 M2 - L3[I] M8 M16Y C16X - L2[W] C4 S3 R3 Q10 P6 - L1[W] Q4 P2 - L0[O] Q1 
[  1] Utilization = 1.00 | pJ/Compute =   23.427 | L4[WIO] C4 M2 Q2 P6 - L3[I] Q20 M16Y C16X - L2[W] M8 C2 S3 R3 Q2 P2 - L1[W] P5 - L0[O] Q1 
[  5] Utilization = 1.00 | pJ/Compute =   23.317 | L4[WIO] Q4 C4 M4 - L3[I] M2 M16Y C16X - L2[W] C2 M2 S3 R3 Q2 P15 - L1[W] Q10 P4 - L0[O] Q1 
[  1] Utilization = 1.00 | pJ/Compute =   23.427 | L4[WIO] Q4 C4 - L3[I] P2 M16 M16Y C16X - L2[W] C2 S3 R3 P3 - L1[W] Q20 P10 - L0[O] Q1 
[  1] Utilization = 1.00 | pJ/Compute =   23.319 | L4[WIO] Q4 C4 - L3[I] M16 P2 M16Y C16X - L2[W] C2 S3 R3 P3 - L1[W] Q20 P10 - L0[O] Q1 
[  1] Utilization = 1.00 | pJ/Compute =   23.314 | L4[WIO] C4 Q4 - L3[I] M16 P2 M16Y C16X - L2[W] C2 S3 R3 P3 - L1[W] P10 Q20 - L0[O] Q1 
[  4] Utilization = 1.00 | pJ/Compute =   23.476 | L4[WIO] C2 P2 Q4 M2 - L3[I] M4 P6 Q2 M16Y C16X - L2[W] C4 M2 S3 R3 Q5 P5 - L1[W] Q2 - L0[O] Q1 
[  4] Utilization = 1.00 | pJ/Compute =   23.446 | L4[WIO] C2 Q8 M4 - L3[I] M2 P4 M16Y C16X - L2[W] C4 M2 S3 R3 Q10 P3 - L1[W] P5 - L0[O] Q1 
[  0] Utilization = 1.00 | pJ/Compute =   23.433 | L4[WIO] Q8 C2 - L3[I] M4 M16Y C16X - L2[W] C4 M4 S3 R3 Q10 P10 - L1[W] P6 - L0[O] Q1 
[  0] Utilization = 1.00 | pJ/Compute =   23.422 | L4[WIO] C2 Q8 - L3[I] M4 M16Y C16X - L2[W] M4 C4 S3 R3 Q10 P10 - L1[W] P6 - L0[O] Q1 
[  0] Utilization = 1.00 | pJ/Compute =   23.382 | L4[WIO] P3 C2 Q2 M2 - L3[I] M4 P2 Q2 M16Y C16X - L2[W] M2 C4 S3 R3 P10 - L1[W] Q20 - L0[O] Q1 
[  4] Utilization = 1.00 | pJ/Compute =   23.438 | L4[WIO] P6 C2 M2 - L3[I] M2 Q20 M16Y C16X - L2[W] M4 C4 S3 R3 Q4 P5 - L1[W] P2 - L0[O] Q1 
[  0] Utilization = 1.00 | pJ/Compute =   23.378 | L4[WIO] P6 C2 M2 - L3[I] M4 M16Y C16X - L2[W] C4 M2 S3 R3 Q16 P5 - L1[W] Q5 P2 - L0[O] Q1 
[  1] Utilization = 1.00 | pJ/Compute =   23.290 | L4[WIO] C4 P3 M2 - L3[I] M4 P2 M16Y C16X - L2[W] C2 M2 S3 R3 Q80 P5 - L1[W] P2 - L0[O] Q1 
[  6] Utilization = 1.00 | pJ/Compute =   23.317 | L4[WIO] Q4 C4 M4 - L3[I] C2 M2 M16Y C16X - L2[W] M2 S3 R3 Q2 P15 - L1[W] Q10 P4 - L0[O] Q1 
[  5] Utilization = 1.00 | pJ/Compute =   23.315 | L4[WIO] C4 P3 - L3[I] M16 P20 M16Y C16X - L2[W] C2 S3 R3 - L1[W] Q80 - L0[O] Q1 
[  2] Utilization = 1.00 | pJ/Compute =   23.422 | L4[WIO] C4 Q4 - L3[I] M16 P2 C2 M16Y C16X - L2[W] S3 R3 P3 - L1[W] Q20 P10 - L0[O] Q1 
[  2] Utilization = 1.00 | pJ/Compute =   23.314 | L4[WIO] C4 Q4 - L3[I] C2 M16 P2 M16Y C16X - L2[W] S3 R3 P3 - L1[W] P10 Q20 - L0[O] Q1 
[  5] Utilization = 1.00 | pJ/Compute =   23.290 | L4[WIO] P3 C4 M2 - L3[I] M4 Q2 M16Y C16X - L2[W] C2 M2 S3 R3 P4 - L1[W] P5 Q40 - L0[O] Q1 
[  3] Utilization = 1.00 | pJ/Compute =   23.239 | L4[WIO] C8 P10 - L3[I] Q2 M16Y C16X - L2[W] M16 S3 R3 Q10 P2 - L1[W] Q4 P3 - L0[O] Q1 
[  4] Utilization = 1.00 | pJ/Compute =   23.382 | L4[WIO] Q2 C2 P3 M2 - L3[I] M4 P4 M16Y C16X - L2[W] C4 M2 S3 R3 Q5 P5 - L1[W] Q8 - L0[O] Q1 
[  0] Utilization = 1.00 | pJ/Compute =   23.372 | L4[WIO] C2 Q2 P3 - L3[I] M8 Q2 M16Y C16X - L2[W] M2 C4 S3 R3 Q10 P2 - L1[W] Q2 P10 - L0[O] Q1 
[  7] Utilization = 1.00 | pJ/Compute =   23.235 | L4[WIO] C8 Q2 - L3[I] Q2 P3 M16Y C16X - L2[W] M16 S3 R3 Q10 P20 - L1[W] Q2 - L0[O] Q1 
[  5] Utilization = 1.00 | pJ/Compute =   17.243 | L4[WIO] Q8 M2 P3 - L3[I] Q10 C8 M8 P20 M16Y C16X - L2[W] S3 R3 - L1[W] Q1 - L0[O] Q1 
[  5] Utilization = 1.00 | pJ/Compute =   17.169 | L4[WIO] P3 Q8 M2 - L3[I] Q10 M8 C8 P20 M16Y C16X - L2[W] S3 R3 - L1[W] Q1 - L0[O] Q1 
[  5] Utilization = 1.00 | pJ/Compute =   11.338 | L4[WIO] Q8 P3 M2 - L3[I] C8 M8 P20 Q10 M16Y C16X - L2[W] S3 R3 - L1[W] Q1 - L0[O] Q1 
[  2] Utilization = 1.00 | pJ/Compute =   23.290 | L4[WIO] C4 P3 M2 - L3[I] M4 C2 P2 M16Y C16X - L2[W] M2 S3 R3 Q80 P5 - L1[W] P2 - L0[O] Q1 
[  4] Utilization = 1.00 | pJ/Compute =   22.705 | L4[WIO] Q8 P3 M2 - L3[I] C4 P20 M8 Q10 M16Y C16X - L2[W] C2 S3 R3 - L1[W] Q1 - L0[O] Q1 
[  4] Utilization = 1.00 | pJ/Compute =   10.469 | L4[WIO] Q8 M2 P3 - L3[I] C4 M8 Q10 P20 M16Y C16X - L2[W] C2 S3 R3 - L1[W] Q1 - L0[O] Q1 
[  1] Utilization = 1.00 | pJ/Compute =   23.289 | L4[WIO] C4 P3 - L3[I] M2 P2 Q2 M16Y C16X - L2[W] M8 C2 S3 R3 Q2 P5 - L1[W] Q20 P2 - L0[O] Q1 
[  1] Utilization = 1.00 | pJ/Compute =   11.417 | L4[WIO] C4 M2 P60 - L3[I] M8 Q80 M16Y C16X - L2[W] C2 S3 R3 - L1[W] Q1 - L0[O] Q1 
[  0] Utilization = 1.00 | pJ/Compute =   11.095 | L4[WIO] Q10 P5 - L3[I] M16 C4 Q8 P12 M16Y C16X - L2[W] C2 S3 R3 - L1[W] Q1 - L0[O] Q1 
[  6] Utilization = 1.00 | pJ/Compute =   23.315 | L4[WIO] C4 P3 - L3[I] M16 C2 P20 M16Y C16X - L2[W] S3 R3 - L1[W] Q80 - L0[O] Q1 
[  6] Utilization = 1.00 | pJ/Compute =   23.290 | L4[WIO] P3 C4 M2 - L3[I] M4 C2 Q2 M16Y C16X - L2[W] M2 S3 R3 P4 - L1[W] Q40 P5 - L0[O] Q1 
Interrupt caught. Mapper threads will terminate after completing any ongoing evaluations.
[  6] STATEMENT: global termination flag activated, terminating search.
[  7] STATEMENT: global termination flag activated, terminating search.
[  1] STATEMENT: global termination flag activated, terminating search.
[  4] STATEMENT: global termination flag activated, terminating search.
[  2] STATEMENT: global termination flag activated, terminating search.
[  3] STATEMENT: global termination flag activated, terminating search.
[  0] STATEMENT: global termination flag activated, terminating search.
[  5] STATEMENT: global termination flag activated, terminating search.
